2021-08-26 09:39:55.198 [restartedMain] INFO  [com.crm.MyCrmApplication:55] - Starting MyCrmApplication using Java 1.8.0_162 on DESKTOP-2U2RKNE with PID 47788 (E:\Zzy\projects\myCrm\target\classes started by huyueying in E:\Zzy\projects\myCrm)
2021-08-26 09:39:55.212 [restartedMain] INFO  [com.crm.MyCrmApplication:659] - No active profile set, falling back to default profiles: default
2021-08-26 09:39:55.253 [restartedMain] INFO  [org.springframework.boot.devtools.env.DevToolsPropertyDefaultsPostProcessor:255] - Devtools property defaults active! Set 'spring.devtools.add-properties' to 'false' to disable
2021-08-26 09:39:55.253 [restartedMain] INFO  [org.springframework.boot.devtools.env.DevToolsPropertyDefaultsPostProcessor:255] - For additional web related logging consider setting the 'logging.level.web' property to 'DEBUG'
2021-08-26 09:39:56.538 [restartedMain] INFO  [org.springframework.boot.web.embedded.tomcat.TomcatWebServer:108] - Tomcat initialized with port(s): 8080 (http)
2021-08-26 09:39:56.655 [restartedMain] INFO  [org.apache.coyote.http11.Http11NioProtocol:173] - Initializing ProtocolHandler ["http-nio-8080"]
2021-08-26 09:39:56.655 [restartedMain] INFO  [org.apache.catalina.core.StandardService:173] - Starting service [Tomcat]
2021-08-26 09:39:56.655 [restartedMain] INFO  [org.apache.catalina.core.StandardEngine:173] - Starting Servlet engine: [Apache Tomcat/9.0.52]
2021-08-26 09:39:56.857 [restartedMain] INFO  [org.apache.catalina.core.ContainerBase.[Tomcat].[localhost].[/]:173] - Initializing Spring embedded WebApplicationContext
2021-08-26 09:39:56.857 [restartedMain] INFO  [org.springframework.boot.web.servlet.context.ServletWebServerApplicationContext:290] - Root WebApplicationContext: initialization completed in 1603 ms
2021-08-26 09:39:58.033 [restartedMain] INFO  [org.springframework.boot.devtools.autoconfigure.OptionalLiveReloadServer:58] - LiveReload server is running on port 35729
2021-08-26 09:39:58.054 [restartedMain] INFO  [org.apache.coyote.http11.Http11NioProtocol:173] - Starting ProtocolHandler ["http-nio-8080"]
2021-08-26 09:39:58.071 [restartedMain] INFO  [org.springframework.boot.web.embedded.tomcat.TomcatWebServer:220] - Tomcat started on port(s): 8080 (http) with context path ''
2021-08-26 09:39:58.080 [restartedMain] INFO  [com.crm.MyCrmApplication:61] - Started MyCrmApplication in 3.39 seconds (JVM running for 8.021)
2021-08-26 09:42:32.966 [http-nio-8080-exec-2] INFO  [org.apache.catalina.core.ContainerBase.[Tomcat].[localhost].[/]:173] - Initializing Spring DispatcherServlet 'dispatcherServlet'
2021-08-26 09:42:32.966 [http-nio-8080-exec-2] INFO  [org.springframework.web.servlet.DispatcherServlet:525] - Initializing Servlet 'dispatcherServlet'
2021-08-26 09:42:32.967 [http-nio-8080-exec-2] INFO  [org.springframework.web.servlet.DispatcherServlet:547] - Completed initialization in 1 ms
2021-08-26 09:42:33.233 [http-nio-8080-exec-2] INFO  [com.zaxxer.hikari.HikariDataSource:110] - HikariPool-1 - Starting...
2021-08-26 09:42:33.924 [http-nio-8080-exec-2] INFO  [com.zaxxer.hikari.HikariDataSource:123] - HikariPool-1 - Start completed.
2021-08-26 09:42:34.350 [http-nio-8080-exec-2] ERROR [com.crm.common.util.exception.GlobalExceptionHandler:47] - 运行时异常----------{}org.mybatis.spring.MyBatisSystemException: nested exception is org.apache.ibatis.exceptions.PersistenceException: 
### Error querying database.  Cause: com.baomidou.mybatisplus.core.exceptions.MybatisPlusException: Error: Method queryTotal execution error of sql : 
 SELECT COUNT(1) FROM test WHERE (status = ? AND rname LIKE ? AND description LIKE ?) 

### The error may exist in com/crm/mapper/TestMapper.java (best guess)
### The error may involve defaultParameterMap
### The error occurred while setting parameters
### Cause: com.baomidou.mybatisplus.core.exceptions.MybatisPlusException: Error: Method queryTotal execution error of sql : 
 SELECT COUNT(1) FROM test WHERE (status = ? AND rname LIKE ? AND description LIKE ?) 

2021-08-26 09:42:34.522 [http-nio-8080-exec-2] WARN  [org.springframework.web.servlet.mvc.method.annotation.ExceptionHandlerExceptionResolver:207] - Resolved [org.mybatis.spring.MyBatisSystemException: nested exception is org.apache.ibatis.exceptions.PersistenceException: 
### Error querying database.  Cause: com.baomidou.mybatisplus.core.exceptions.MybatisPlusException: Error: Method queryTotal execution error of sql : 
 SELECT COUNT(1) FROM test WHERE (status = ? AND rname LIKE ? AND description LIKE ?) 

### The error may exist in com/crm/mapper/TestMapper.java (best guess)
### The error may involve defaultParameterMap
### The error occurred while setting parameters
### Cause: com.baomidou.mybatisplus.core.exceptions.MybatisPlusException: Error: Method queryTotal execution error of sql : 
 SELECT COUNT(1) FROM test WHERE (status = ? AND rname LIKE ? AND description LIKE ?) 
]
2021-08-26 09:52:43.435 [SpringApplicationShutdownHook] INFO  [com.zaxxer.hikari.HikariDataSource:350] - HikariPool-1 - Shutdown initiated...
2021-08-26 09:52:43.486 [SpringApplicationShutdownHook] INFO  [com.zaxxer.hikari.HikariDataSource:352] - HikariPool-1 - Shutdown completed.
