2021-08-27 09:13:56.789 [HikariPool-1 housekeeper] WARN  [com.zaxxer.hikari.pool.HikariPool:788] - HikariPool-1 - Thread starvation or clock leap detected (housekeeper delta=1m23s552ms548µs399ns).
2021-08-27 09:24:09.806 [http-nio-8080-exec-4] WARN  [org.springframework.web.servlet.mvc.support.DefaultHandlerExceptionResolver:207] - Resolved [org.springframework.web.HttpMediaTypeNotSupportedException: Content type 'multipart/form-data;boundary=--------------------------484801051233525810492813;charset=UTF-8' not supported]
2021-08-27 09:30:31.627 [SpringApplicationShutdownHook] INFO  [com.zaxxer.hikari.HikariDataSource:350] - HikariPool-1 - Shutdown initiated...
2021-08-27 09:30:31.633 [SpringApplicationShutdownHook] INFO  [com.zaxxer.hikari.HikariDataSource:352] - HikariPool-1 - Shutdown completed.
2021-08-27 09:30:43.119 [restartedMain] INFO  [com.crm.MyCrmApplication:55] - Starting MyCrmApplication using Java 1.8.0_162 on DESKTOP-2U2RKNE with PID 19144 (E:\Zzy\projects\myCrm\target\classes started by huyueying in E:\Zzy\projects\myCrm)
2021-08-27 09:30:43.129 [restartedMain] INFO  [com.crm.MyCrmApplication:659] - No active profile set, falling back to default profiles: default
2021-08-27 09:30:43.172 [restartedMain] INFO  [org.springframework.boot.devtools.env.DevToolsPropertyDefaultsPostProcessor:255] - Devtools property defaults active! Set 'spring.devtools.add-properties' to 'false' to disable
2021-08-27 09:30:43.172 [restartedMain] INFO  [org.springframework.boot.devtools.env.DevToolsPropertyDefaultsPostProcessor:255] - For additional web related logging consider setting the 'logging.level.web' property to 'DEBUG'
2021-08-27 09:30:44.620 [restartedMain] INFO  [org.springframework.boot.web.embedded.tomcat.TomcatWebServer:108] - Tomcat initialized with port(s): 8080 (http)
2021-08-27 09:30:44.629 [restartedMain] INFO  [org.apache.coyote.http11.Http11NioProtocol:173] - Initializing ProtocolHandler ["http-nio-8080"]
2021-08-27 09:30:44.630 [restartedMain] INFO  [org.apache.catalina.core.StandardService:173] - Starting service [Tomcat]
2021-08-27 09:30:44.630 [restartedMain] INFO  [org.apache.catalina.core.StandardEngine:173] - Starting Servlet engine: [Apache Tomcat/9.0.52]
2021-08-27 09:30:44.764 [restartedMain] INFO  [org.apache.catalina.core.ContainerBase.[Tomcat].[localhost].[/]:173] - Initializing Spring embedded WebApplicationContext
2021-08-27 09:30:44.764 [restartedMain] INFO  [org.springframework.boot.web.servlet.context.ServletWebServerApplicationContext:290] - Root WebApplicationContext: initialization completed in 1591 ms
2021-08-27 09:30:45.956 [restartedMain] INFO  [org.springframework.boot.devtools.autoconfigure.OptionalLiveReloadServer:58] - LiveReload server is running on port 35729
2021-08-27 09:30:45.985 [restartedMain] INFO  [org.apache.coyote.http11.Http11NioProtocol:173] - Starting ProtocolHandler ["http-nio-8080"]
2021-08-27 09:30:46.009 [restartedMain] INFO  [org.springframework.boot.web.embedded.tomcat.TomcatWebServer:220] - Tomcat started on port(s): 8080 (http) with context path ''
2021-08-27 09:30:46.019 [restartedMain] INFO  [com.crm.MyCrmApplication:61] - Started MyCrmApplication in 3.368 seconds (JVM running for 5.671)
2021-08-27 09:30:57.976 [http-nio-8080-exec-2] INFO  [org.apache.catalina.core.ContainerBase.[Tomcat].[localhost].[/]:173] - Initializing Spring DispatcherServlet 'dispatcherServlet'
2021-08-27 09:30:57.977 [http-nio-8080-exec-2] INFO  [org.springframework.web.servlet.DispatcherServlet:525] - Initializing Servlet 'dispatcherServlet'
2021-08-27 09:30:57.978 [http-nio-8080-exec-2] INFO  [org.springframework.web.servlet.DispatcherServlet:547] - Completed initialization in 1 ms
2021-08-27 09:30:58.098 [http-nio-8080-exec-2] WARN  [org.springframework.web.servlet.mvc.support.DefaultHandlerExceptionResolver:207] - Resolved [org.springframework.web.bind.MissingServletRequestParameterException: Required request parameter 'oNameList' for method parameter type List is not present]
2021-08-27 09:32:31.188 [restartedMain] INFO  [com.crm.MyCrmApplication:55] - Starting MyCrmApplication using Java 1.8.0_162 on DESKTOP-2U2RKNE with PID 19672 (E:\Zzy\projects\myCrm\target\classes started by huyueying in E:\Zzy\projects\myCrm)
2021-08-27 09:32:31.197 [restartedMain] INFO  [com.crm.MyCrmApplication:659] - No active profile set, falling back to default profiles: default
2021-08-27 09:32:31.237 [restartedMain] INFO  [org.springframework.boot.devtools.env.DevToolsPropertyDefaultsPostProcessor:255] - Devtools property defaults active! Set 'spring.devtools.add-properties' to 'false' to disable
2021-08-27 09:32:31.237 [restartedMain] INFO  [org.springframework.boot.devtools.env.DevToolsPropertyDefaultsPostProcessor:255] - For additional web related logging consider setting the 'logging.level.web' property to 'DEBUG'
2021-08-27 09:32:32.508 [restartedMain] INFO  [org.springframework.boot.web.embedded.tomcat.TomcatWebServer:108] - Tomcat initialized with port(s): 8080 (http)
2021-08-27 09:32:32.517 [restartedMain] INFO  [org.apache.coyote.http11.Http11NioProtocol:173] - Initializing ProtocolHandler ["http-nio-8080"]
2021-08-27 09:32:32.517 [restartedMain] INFO  [org.apache.catalina.core.StandardService:173] - Starting service [Tomcat]
2021-08-27 09:32:32.517 [restartedMain] INFO  [org.apache.catalina.core.StandardEngine:173] - Starting Servlet engine: [Apache Tomcat/9.0.52]
2021-08-27 09:32:32.625 [restartedMain] INFO  [org.apache.catalina.core.ContainerBase.[Tomcat].[localhost].[/]:173] - Initializing Spring embedded WebApplicationContext
2021-08-27 09:32:32.626 [restartedMain] INFO  [org.springframework.boot.web.servlet.context.ServletWebServerApplicationContext:290] - Root WebApplicationContext: initialization completed in 1388 ms
2021-08-27 09:32:33.806 [restartedMain] INFO  [org.springframework.boot.devtools.autoconfigure.OptionalLiveReloadServer:58] - LiveReload server is running on port 35729
2021-08-27 09:32:33.832 [restartedMain] INFO  [org.apache.coyote.http11.Http11NioProtocol:173] - Starting ProtocolHandler ["http-nio-8080"]
2021-08-27 09:32:33.852 [restartedMain] INFO  [org.springframework.boot.web.embedded.tomcat.TomcatWebServer:220] - Tomcat started on port(s): 8080 (http) with context path ''
2021-08-27 09:32:33.861 [restartedMain] INFO  [com.crm.MyCrmApplication:61] - Started MyCrmApplication in 3.141 seconds (JVM running for 5.722)
2021-08-27 09:32:58.957 [http-nio-8080-exec-1] INFO  [org.apache.catalina.core.ContainerBase.[Tomcat].[localhost].[/]:173] - Initializing Spring DispatcherServlet 'dispatcherServlet'
2021-08-27 09:32:58.957 [http-nio-8080-exec-1] INFO  [org.springframework.web.servlet.DispatcherServlet:525] - Initializing Servlet 'dispatcherServlet'
2021-08-27 09:32:58.958 [http-nio-8080-exec-1] INFO  [org.springframework.web.servlet.DispatcherServlet:547] - Completed initialization in 1 ms
2021-08-27 09:32:59.073 [http-nio-8080-exec-1] INFO  [com.zaxxer.hikari.HikariDataSource:110] - HikariPool-1 - Starting...
2021-08-27 09:32:59.268 [http-nio-8080-exec-1] INFO  [com.zaxxer.hikari.HikariDataSource:123] - HikariPool-1 - Start completed.
2021-08-27 09:33:21.804 [SpringApplicationShutdownHook] INFO  [com.zaxxer.hikari.HikariDataSource:350] - HikariPool-1 - Shutdown initiated...
2021-08-27 09:33:21.883 [SpringApplicationShutdownHook] INFO  [com.zaxxer.hikari.HikariDataSource:352] - HikariPool-1 - Shutdown completed.
2021-08-27 09:34:33.009 [restartedMain] INFO  [com.crm.MyCrmApplication:55] - Starting MyCrmApplication using Java 1.8.0_162 on DESKTOP-2U2RKNE with PID 9032 (E:\Zzy\projects\myCrm\target\classes started by huyueying in E:\Zzy\projects\myCrm)
2021-08-27 09:34:33.017 [restartedMain] INFO  [com.crm.MyCrmApplication:659] - No active profile set, falling back to default profiles: default
2021-08-27 09:34:33.056 [restartedMain] INFO  [org.springframework.boot.devtools.env.DevToolsPropertyDefaultsPostProcessor:255] - Devtools property defaults active! Set 'spring.devtools.add-properties' to 'false' to disable
2021-08-27 09:34:33.056 [restartedMain] INFO  [org.springframework.boot.devtools.env.DevToolsPropertyDefaultsPostProcessor:255] - For additional web related logging consider setting the 'logging.level.web' property to 'DEBUG'
2021-08-27 09:34:34.227 [restartedMain] INFO  [org.springframework.boot.web.embedded.tomcat.TomcatWebServer:108] - Tomcat initialized with port(s): 8080 (http)
2021-08-27 09:34:34.236 [restartedMain] INFO  [org.apache.coyote.http11.Http11NioProtocol:173] - Initializing ProtocolHandler ["http-nio-8080"]
2021-08-27 09:34:34.237 [restartedMain] INFO  [org.apache.catalina.core.StandardService:173] - Starting service [Tomcat]
2021-08-27 09:34:34.237 [restartedMain] INFO  [org.apache.catalina.core.StandardEngine:173] - Starting Servlet engine: [Apache Tomcat/9.0.52]
2021-08-27 09:34:34.351 [restartedMain] INFO  [org.apache.catalina.core.ContainerBase.[Tomcat].[localhost].[/]:173] - Initializing Spring embedded WebApplicationContext
2021-08-27 09:34:34.351 [restartedMain] INFO  [org.springframework.boot.web.servlet.context.ServletWebServerApplicationContext:290] - Root WebApplicationContext: initialization completed in 1295 ms
2021-08-27 09:34:35.394 [restartedMain] INFO  [org.springframework.boot.devtools.autoconfigure.OptionalLiveReloadServer:58] - LiveReload server is running on port 35729
2021-08-27 09:34:35.417 [restartedMain] INFO  [org.apache.coyote.http11.Http11NioProtocol:173] - Starting ProtocolHandler ["http-nio-8080"]
2021-08-27 09:34:35.433 [restartedMain] INFO  [org.springframework.boot.web.embedded.tomcat.TomcatWebServer:220] - Tomcat started on port(s): 8080 (http) with context path ''
2021-08-27 09:34:35.443 [restartedMain] INFO  [com.crm.MyCrmApplication:61] - Started MyCrmApplication in 2.919 seconds (JVM running for 5.248)
2021-08-27 09:34:55.328 [http-nio-8080-exec-1] INFO  [org.apache.catalina.core.ContainerBase.[Tomcat].[localhost].[/]:173] - Initializing Spring DispatcherServlet 'dispatcherServlet'
2021-08-27 09:34:55.328 [http-nio-8080-exec-1] INFO  [org.springframework.web.servlet.DispatcherServlet:525] - Initializing Servlet 'dispatcherServlet'
2021-08-27 09:34:55.329 [http-nio-8080-exec-1] INFO  [org.springframework.web.servlet.DispatcherServlet:547] - Completed initialization in 1 ms
2021-08-27 09:34:55.442 [http-nio-8080-exec-1] INFO  [com.zaxxer.hikari.HikariDataSource:110] - HikariPool-1 - Starting...
2021-08-27 09:34:55.598 [http-nio-8080-exec-1] INFO  [com.zaxxer.hikari.HikariDataSource:123] - HikariPool-1 - Start completed.
2021-08-27 09:35:48.695 [HikariPool-1 housekeeper] WARN  [com.zaxxer.hikari.pool.HikariPool:788] - HikariPool-1 - Thread starvation or clock leap detected (housekeeper delta=52s981ms909µs500ns).
2021-08-27 09:36:10.506 [SpringApplicationShutdownHook] INFO  [com.zaxxer.hikari.HikariDataSource:350] - HikariPool-1 - Shutdown initiated...
2021-08-27 09:36:10.509 [SpringApplicationShutdownHook] INFO  [com.zaxxer.hikari.HikariDataSource:352] - HikariPool-1 - Shutdown completed.
2021-08-27 09:36:18.273 [restartedMain] INFO  [com.crm.MyCrmApplication:55] - Starting MyCrmApplication using Java 1.8.0_162 on DESKTOP-2U2RKNE with PID 15200 (E:\Zzy\projects\myCrm\target\classes started by huyueying in E:\Zzy\projects\myCrm)
2021-08-27 09:36:18.281 [restartedMain] INFO  [com.crm.MyCrmApplication:659] - No active profile set, falling back to default profiles: default
2021-08-27 09:36:18.320 [restartedMain] INFO  [org.springframework.boot.devtools.env.DevToolsPropertyDefaultsPostProcessor:255] - Devtools property defaults active! Set 'spring.devtools.add-properties' to 'false' to disable
2021-08-27 09:36:18.320 [restartedMain] INFO  [org.springframework.boot.devtools.env.DevToolsPropertyDefaultsPostProcessor:255] - For additional web related logging consider setting the 'logging.level.web' property to 'DEBUG'
2021-08-27 09:36:19.523 [restartedMain] INFO  [org.springframework.boot.web.embedded.tomcat.TomcatWebServer:108] - Tomcat initialized with port(s): 8080 (http)
2021-08-27 09:36:19.532 [restartedMain] INFO  [org.apache.coyote.http11.Http11NioProtocol:173] - Initializing ProtocolHandler ["http-nio-8080"]
2021-08-27 09:36:19.532 [restartedMain] INFO  [org.apache.catalina.core.StandardService:173] - Starting service [Tomcat]
2021-08-27 09:36:19.532 [restartedMain] INFO  [org.apache.catalina.core.StandardEngine:173] - Starting Servlet engine: [Apache Tomcat/9.0.52]
2021-08-27 09:36:19.637 [restartedMain] INFO  [org.apache.catalina.core.ContainerBase.[Tomcat].[localhost].[/]:173] - Initializing Spring embedded WebApplicationContext
2021-08-27 09:36:19.638 [restartedMain] INFO  [org.springframework.boot.web.servlet.context.ServletWebServerApplicationContext:290] - Root WebApplicationContext: initialization completed in 1316 ms
2021-08-27 09:36:20.712 [restartedMain] INFO  [org.springframework.boot.devtools.autoconfigure.OptionalLiveReloadServer:58] - LiveReload server is running on port 35729
2021-08-27 09:36:20.732 [restartedMain] INFO  [org.apache.coyote.http11.Http11NioProtocol:173] - Starting ProtocolHandler ["http-nio-8080"]
2021-08-27 09:36:20.747 [restartedMain] INFO  [org.springframework.boot.web.embedded.tomcat.TomcatWebServer:220] - Tomcat started on port(s): 8080 (http) with context path ''
2021-08-27 09:36:20.756 [restartedMain] INFO  [com.crm.MyCrmApplication:61] - Started MyCrmApplication in 2.911 seconds (JVM running for 5.203)
2021-08-27 09:36:48.289 [http-nio-8080-exec-2] INFO  [org.apache.catalina.core.ContainerBase.[Tomcat].[localhost].[/]:173] - Initializing Spring DispatcherServlet 'dispatcherServlet'
2021-08-27 09:36:48.289 [http-nio-8080-exec-2] INFO  [org.springframework.web.servlet.DispatcherServlet:525] - Initializing Servlet 'dispatcherServlet'
2021-08-27 09:36:48.290 [http-nio-8080-exec-2] INFO  [org.springframework.web.servlet.DispatcherServlet:547] - Completed initialization in 1 ms
2021-08-27 09:36:48.409 [http-nio-8080-exec-2] INFO  [com.zaxxer.hikari.HikariDataSource:110] - HikariPool-1 - Starting...
2021-08-27 09:36:48.588 [http-nio-8080-exec-2] INFO  [com.zaxxer.hikari.HikariDataSource:123] - HikariPool-1 - Start completed.
2021-08-27 09:39:21.094 [SpringApplicationShutdownHook] INFO  [com.zaxxer.hikari.HikariDataSource:350] - HikariPool-1 - Shutdown initiated...
2021-08-27 09:39:21.123 [SpringApplicationShutdownHook] INFO  [com.zaxxer.hikari.HikariDataSource:352] - HikariPool-1 - Shutdown completed.
2021-08-27 09:42:45.239 [restartedMain] INFO  [com.crm.MyCrmApplication:55] - Starting MyCrmApplication using Java 1.8.0_162 on DESKTOP-2U2RKNE with PID 14048 (E:\Zzy\projects\myCrm\target\classes started by huyueying in E:\Zzy\projects\myCrm)
2021-08-27 09:42:45.248 [restartedMain] INFO  [com.crm.MyCrmApplication:659] - No active profile set, falling back to default profiles: default
2021-08-27 09:42:45.286 [restartedMain] INFO  [org.springframework.boot.devtools.env.DevToolsPropertyDefaultsPostProcessor:255] - Devtools property defaults active! Set 'spring.devtools.add-properties' to 'false' to disable
2021-08-27 09:42:45.286 [restartedMain] INFO  [org.springframework.boot.devtools.env.DevToolsPropertyDefaultsPostProcessor:255] - For additional web related logging consider setting the 'logging.level.web' property to 'DEBUG'
2021-08-27 09:42:46.484 [restartedMain] INFO  [org.springframework.boot.web.embedded.tomcat.TomcatWebServer:108] - Tomcat initialized with port(s): 8080 (http)
2021-08-27 09:42:46.493 [restartedMain] INFO  [org.apache.coyote.http11.Http11NioProtocol:173] - Initializing ProtocolHandler ["http-nio-8080"]
2021-08-27 09:42:46.493 [restartedMain] INFO  [org.apache.catalina.core.StandardService:173] - Starting service [Tomcat]
2021-08-27 09:42:46.493 [restartedMain] INFO  [org.apache.catalina.core.StandardEngine:173] - Starting Servlet engine: [Apache Tomcat/9.0.52]
2021-08-27 09:42:46.607 [restartedMain] INFO  [org.apache.catalina.core.ContainerBase.[Tomcat].[localhost].[/]:173] - Initializing Spring embedded WebApplicationContext
2021-08-27 09:42:46.607 [restartedMain] INFO  [org.springframework.boot.web.servlet.context.ServletWebServerApplicationContext:290] - Root WebApplicationContext: initialization completed in 1321 ms
2021-08-27 09:42:47.672 [restartedMain] INFO  [org.springframework.boot.devtools.autoconfigure.OptionalLiveReloadServer:58] - LiveReload server is running on port 35729
2021-08-27 09:42:47.693 [restartedMain] INFO  [org.apache.coyote.http11.Http11NioProtocol:173] - Starting ProtocolHandler ["http-nio-8080"]
2021-08-27 09:42:47.710 [restartedMain] INFO  [org.springframework.boot.web.embedded.tomcat.TomcatWebServer:220] - Tomcat started on port(s): 8080 (http) with context path ''
2021-08-27 09:42:47.719 [restartedMain] INFO  [com.crm.MyCrmApplication:61] - Started MyCrmApplication in 2.903 seconds (JVM running for 5.146)
2021-08-27 09:42:51.153 [http-nio-8080-exec-1] INFO  [org.apache.catalina.core.ContainerBase.[Tomcat].[localhost].[/]:173] - Initializing Spring DispatcherServlet 'dispatcherServlet'
2021-08-27 09:42:51.153 [http-nio-8080-exec-1] INFO  [org.springframework.web.servlet.DispatcherServlet:525] - Initializing Servlet 'dispatcherServlet'
2021-08-27 09:42:51.154 [http-nio-8080-exec-1] INFO  [org.springframework.web.servlet.DispatcherServlet:547] - Completed initialization in 1 ms
2021-08-27 09:42:51.212 [http-nio-8080-exec-1] ERROR [com.crm.common.util.exception.GlobalExceptionHandler:47] - 运行时异常----------{}org.springframework.http.converter.HttpMessageNotReadableException: JSON parse error: Cannot deserialize value of type `java.util.ArrayList<java.lang.String>` from Object value (token `JsonToken.START_OBJECT`); nested exception is com.fasterxml.jackson.databind.exc.MismatchedInputException: Cannot deserialize value of type `java.util.ArrayList<java.lang.String>` from Object value (token `JsonToken.START_OBJECT`)
 at [Source: (PushbackInputStream); line: 1, column: 1]
2021-08-27 09:42:51.273 [http-nio-8080-exec-1] WARN  [org.springframework.web.servlet.mvc.method.annotation.ExceptionHandlerExceptionResolver:207] - Resolved [org.springframework.http.converter.HttpMessageNotReadableException: JSON parse error: Cannot deserialize value of type `java.util.ArrayList<java.lang.String>` from Object value (token `JsonToken.START_OBJECT`); nested exception is com.fasterxml.jackson.databind.exc.MismatchedInputException: Cannot deserialize value of type `java.util.ArrayList<java.lang.String>` from Object value (token `JsonToken.START_OBJECT`)
 at [Source: (PushbackInputStream); line: 1, column: 1]]
2021-08-27 09:46:26.194 [http-nio-8080-exec-7] ERROR [com.crm.common.util.exception.GlobalExceptionHandler:47] - 运行时异常----------{}org.springframework.http.converter.HttpMessageNotReadableException: JSON parse error: Cannot deserialize value of type `java.util.ArrayList<java.lang.String>` from Object value (token `JsonToken.START_OBJECT`); nested exception is com.fasterxml.jackson.databind.exc.MismatchedInputException: Cannot deserialize value of type `java.util.ArrayList<java.lang.String>` from Object value (token `JsonToken.START_OBJECT`)
 at [Source: (PushbackInputStream); line: 1, column: 1]
2021-08-27 09:46:26.196 [http-nio-8080-exec-7] WARN  [org.springframework.web.servlet.mvc.method.annotation.ExceptionHandlerExceptionResolver:207] - Resolved [org.springframework.http.converter.HttpMessageNotReadableException: JSON parse error: Cannot deserialize value of type `java.util.ArrayList<java.lang.String>` from Object value (token `JsonToken.START_OBJECT`); nested exception is com.fasterxml.jackson.databind.exc.MismatchedInputException: Cannot deserialize value of type `java.util.ArrayList<java.lang.String>` from Object value (token `JsonToken.START_OBJECT`)
 at [Source: (PushbackInputStream); line: 1, column: 1]]
2021-08-27 09:46:47.282 [http-nio-8080-exec-9] ERROR [com.crm.common.util.exception.GlobalExceptionHandler:47] - 运行时异常----------{}org.springframework.http.converter.HttpMessageNotReadableException: JSON parse error: Cannot deserialize value of type `java.util.ArrayList<java.lang.String>` from Object value (token `JsonToken.START_OBJECT`); nested exception is com.fasterxml.jackson.databind.exc.MismatchedInputException: Cannot deserialize value of type `java.util.ArrayList<java.lang.String>` from Object value (token `JsonToken.START_OBJECT`)
 at [Source: (PushbackInputStream); line: 1, column: 1]
2021-08-27 09:46:47.283 [http-nio-8080-exec-9] WARN  [org.springframework.web.servlet.mvc.method.annotation.ExceptionHandlerExceptionResolver:207] - Resolved [org.springframework.http.converter.HttpMessageNotReadableException: JSON parse error: Cannot deserialize value of type `java.util.ArrayList<java.lang.String>` from Object value (token `JsonToken.START_OBJECT`); nested exception is com.fasterxml.jackson.databind.exc.MismatchedInputException: Cannot deserialize value of type `java.util.ArrayList<java.lang.String>` from Object value (token `JsonToken.START_OBJECT`)
 at [Source: (PushbackInputStream); line: 1, column: 1]]
2021-08-27 09:51:31.498 [http-nio-8080-exec-2] ERROR [com.crm.common.util.exception.GlobalExceptionHandler:47] - 运行时异常----------{}org.springframework.http.converter.HttpMessageNotReadableException: JSON parse error: Cannot deserialize value of type `java.util.ArrayList<java.lang.String>` from Object value (token `JsonToken.START_OBJECT`); nested exception is com.fasterxml.jackson.databind.exc.MismatchedInputException: Cannot deserialize value of type `java.util.ArrayList<java.lang.String>` from Object value (token `JsonToken.START_OBJECT`)
 at [Source: (PushbackInputStream); line: 1, column: 1]
2021-08-27 09:51:31.499 [http-nio-8080-exec-2] WARN  [org.springframework.web.servlet.mvc.method.annotation.ExceptionHandlerExceptionResolver:207] - Resolved [org.springframework.http.converter.HttpMessageNotReadableException: JSON parse error: Cannot deserialize value of type `java.util.ArrayList<java.lang.String>` from Object value (token `JsonToken.START_OBJECT`); nested exception is com.fasterxml.jackson.databind.exc.MismatchedInputException: Cannot deserialize value of type `java.util.ArrayList<java.lang.String>` from Object value (token `JsonToken.START_OBJECT`)
 at [Source: (PushbackInputStream); line: 1, column: 1]]
2021-08-27 09:52:04.970 [restartedMain] INFO  [com.crm.MyCrmApplication:55] - Starting MyCrmApplication using Java 1.8.0_162 on DESKTOP-2U2RKNE with PID 18404 (E:\Zzy\projects\myCrm\target\classes started by huyueying in E:\Zzy\projects\myCrm)
2021-08-27 09:52:04.980 [restartedMain] INFO  [com.crm.MyCrmApplication:659] - No active profile set, falling back to default profiles: default
2021-08-27 09:52:05.019 [restartedMain] INFO  [org.springframework.boot.devtools.env.DevToolsPropertyDefaultsPostProcessor:255] - Devtools property defaults active! Set 'spring.devtools.add-properties' to 'false' to disable
2021-08-27 09:52:05.020 [restartedMain] INFO  [org.springframework.boot.devtools.env.DevToolsPropertyDefaultsPostProcessor:255] - For additional web related logging consider setting the 'logging.level.web' property to 'DEBUG'
2021-08-27 09:52:06.182 [restartedMain] INFO  [org.springframework.boot.web.embedded.tomcat.TomcatWebServer:108] - Tomcat initialized with port(s): 8080 (http)
2021-08-27 09:52:06.189 [restartedMain] INFO  [org.apache.coyote.http11.Http11NioProtocol:173] - Initializing ProtocolHandler ["http-nio-8080"]
2021-08-27 09:52:06.189 [restartedMain] INFO  [org.apache.catalina.core.StandardService:173] - Starting service [Tomcat]
2021-08-27 09:52:06.189 [restartedMain] INFO  [org.apache.catalina.core.StandardEngine:173] - Starting Servlet engine: [Apache Tomcat/9.0.52]
2021-08-27 09:52:06.320 [restartedMain] INFO  [org.apache.catalina.core.ContainerBase.[Tomcat].[localhost].[/]:173] - Initializing Spring embedded WebApplicationContext
2021-08-27 09:52:06.321 [restartedMain] INFO  [org.springframework.boot.web.servlet.context.ServletWebServerApplicationContext:290] - Root WebApplicationContext: initialization completed in 1301 ms
2021-08-27 09:52:07.702 [restartedMain] INFO  [org.springframework.boot.devtools.autoconfigure.OptionalLiveReloadServer:58] - LiveReload server is running on port 35729
2021-08-27 09:52:07.723 [restartedMain] INFO  [org.apache.coyote.http11.Http11NioProtocol:173] - Starting ProtocolHandler ["http-nio-8080"]
2021-08-27 09:52:07.739 [restartedMain] INFO  [org.springframework.boot.web.embedded.tomcat.TomcatWebServer:220] - Tomcat started on port(s): 8080 (http) with context path ''
2021-08-27 09:52:07.749 [restartedMain] INFO  [com.crm.MyCrmApplication:61] - Started MyCrmApplication in 3.237 seconds (JVM running for 5.975)
2021-08-27 09:52:12.610 [http-nio-8080-exec-2] INFO  [org.apache.catalina.core.ContainerBase.[Tomcat].[localhost].[/]:173] - Initializing Spring DispatcherServlet 'dispatcherServlet'
2021-08-27 09:52:12.611 [http-nio-8080-exec-2] INFO  [org.springframework.web.servlet.DispatcherServlet:525] - Initializing Servlet 'dispatcherServlet'
2021-08-27 09:52:12.612 [http-nio-8080-exec-2] INFO  [org.springframework.web.servlet.DispatcherServlet:547] - Completed initialization in 1 ms
2021-08-27 09:52:12.719 [http-nio-8080-exec-2] ERROR [com.crm.common.util.exception.GlobalExceptionHandler:47] - 运行时异常----------{}org.springframework.http.converter.HttpMessageNotReadableException: I/O error while reading input message; nested exception is java.io.IOException: Stream closed
2021-08-27 09:52:12.752 [http-nio-8080-exec-2] WARN  [org.springframework.web.servlet.mvc.method.annotation.ExceptionHandlerExceptionResolver:207] - Resolved [org.springframework.http.converter.HttpMessageNotReadableException: I/O error while reading input message; nested exception is java.io.IOException: Stream closed]
2021-08-27 09:54:02.273 [http-nio-8080-exec-4] ERROR [com.crm.common.util.exception.GlobalExceptionHandler:47] - 运行时异常----------{}org.springframework.http.converter.HttpMessageNotReadableException: I/O error while reading input message; nested exception is java.io.IOException: Stream closed
2021-08-27 09:54:02.275 [http-nio-8080-exec-4] WARN  [org.springframework.web.servlet.mvc.method.annotation.ExceptionHandlerExceptionResolver:207] - Resolved [org.springframework.http.converter.HttpMessageNotReadableException: I/O error while reading input message; nested exception is java.io.IOException: Stream closed]
2021-08-27 09:54:15.032 [restartedMain] INFO  [com.crm.MyCrmApplication:55] - Starting MyCrmApplication using Java 1.8.0_162 on DESKTOP-2U2RKNE with PID 16444 (E:\Zzy\projects\myCrm\target\classes started by huyueying in E:\Zzy\projects\myCrm)
2021-08-27 09:54:15.041 [restartedMain] INFO  [com.crm.MyCrmApplication:659] - No active profile set, falling back to default profiles: default
2021-08-27 09:54:15.082 [restartedMain] INFO  [org.springframework.boot.devtools.env.DevToolsPropertyDefaultsPostProcessor:255] - Devtools property defaults active! Set 'spring.devtools.add-properties' to 'false' to disable
2021-08-27 09:54:15.082 [restartedMain] INFO  [org.springframework.boot.devtools.env.DevToolsPropertyDefaultsPostProcessor:255] - For additional web related logging consider setting the 'logging.level.web' property to 'DEBUG'
2021-08-27 09:54:16.339 [restartedMain] INFO  [org.springframework.boot.web.embedded.tomcat.TomcatWebServer:108] - Tomcat initialized with port(s): 8080 (http)
2021-08-27 09:54:16.348 [restartedMain] INFO  [org.apache.coyote.http11.Http11NioProtocol:173] - Initializing ProtocolHandler ["http-nio-8080"]
2021-08-27 09:54:16.349 [restartedMain] INFO  [org.apache.catalina.core.StandardService:173] - Starting service [Tomcat]
2021-08-27 09:54:16.349 [restartedMain] INFO  [org.apache.catalina.core.StandardEngine:173] - Starting Servlet engine: [Apache Tomcat/9.0.52]
2021-08-27 09:54:16.463 [restartedMain] INFO  [org.apache.catalina.core.ContainerBase.[Tomcat].[localhost].[/]:173] - Initializing Spring embedded WebApplicationContext
2021-08-27 09:54:16.463 [restartedMain] INFO  [org.springframework.boot.web.servlet.context.ServletWebServerApplicationContext:290] - Root WebApplicationContext: initialization completed in 1380 ms
2021-08-27 09:54:17.528 [restartedMain] INFO  [org.springframework.boot.devtools.autoconfigure.OptionalLiveReloadServer:58] - LiveReload server is running on port 35729
2021-08-27 09:54:17.548 [restartedMain] INFO  [org.apache.coyote.http11.Http11NioProtocol:173] - Starting ProtocolHandler ["http-nio-8080"]
2021-08-27 09:54:17.565 [restartedMain] INFO  [org.springframework.boot.web.embedded.tomcat.TomcatWebServer:220] - Tomcat started on port(s): 8080 (http) with context path ''
2021-08-27 09:54:17.574 [restartedMain] INFO  [com.crm.MyCrmApplication:61] - Started MyCrmApplication in 2.969 seconds (JVM running for 5.429)
2021-08-27 09:54:42.190 [http-nio-8080-exec-2] INFO  [org.apache.catalina.core.ContainerBase.[Tomcat].[localhost].[/]:173] - Initializing Spring DispatcherServlet 'dispatcherServlet'
2021-08-27 09:54:42.190 [http-nio-8080-exec-2] INFO  [org.springframework.web.servlet.DispatcherServlet:525] - Initializing Servlet 'dispatcherServlet'
2021-08-27 09:54:42.191 [http-nio-8080-exec-2] INFO  [org.springframework.web.servlet.DispatcherServlet:547] - Completed initialization in 1 ms
