2021-08-25 09:36:50.182 [restartedMain] INFO  [com.crm.MyCrmApplication:55] - Starting MyCrmApplication using Java 1.8.0_162 on DESKTOP-2U2RKNE with PID 40860 (E:\Zzy\projects\myCrm\target\classes started by huyueying in E:\Zzy\projects\myCrm)
2021-08-25 09:36:50.199 [restartedMain] INFO  [com.crm.MyCrmApplication:659] - No active profile set, falling back to default profiles: default
2021-08-25 09:36:50.255 [restartedMain] INFO  [org.springframework.boot.devtools.env.DevToolsPropertyDefaultsPostProcessor:255] - Devtools property defaults active! Set 'spring.devtools.add-properties' to 'false' to disable
2021-08-25 09:36:50.255 [restartedMain] INFO  [org.springframework.boot.devtools.env.DevToolsPropertyDefaultsPostProcessor:255] - For additional web related logging consider setting the 'logging.level.web' property to 'DEBUG'
2021-08-25 09:36:51.555 [restartedMain] INFO  [org.springframework.boot.web.embedded.tomcat.TomcatWebServer:108] - Tomcat initialized with port(s): 8080 (http)
2021-08-25 09:36:51.662 [restartedMain] INFO  [org.apache.coyote.http11.Http11NioProtocol:173] - Initializing ProtocolHandler ["http-nio-8080"]
2021-08-25 09:36:51.662 [restartedMain] INFO  [org.apache.catalina.core.StandardService:173] - Starting service [Tomcat]
2021-08-25 09:36:51.663 [restartedMain] INFO  [org.apache.catalina.core.StandardEngine:173] - Starting Servlet engine: [Apache Tomcat/9.0.52]
2021-08-25 09:36:51.782 [restartedMain] INFO  [org.apache.catalina.core.ContainerBase.[Tomcat].[localhost].[/]:173] - Initializing Spring embedded WebApplicationContext
2021-08-25 09:36:51.782 [restartedMain] INFO  [org.springframework.boot.web.servlet.context.ServletWebServerApplicationContext:290] - Root WebApplicationContext: initialization completed in 1526 ms
2021-08-25 09:36:53.025 [restartedMain] INFO  [org.springframework.boot.devtools.autoconfigure.OptionalLiveReloadServer:58] - LiveReload server is running on port 35729
2021-08-25 09:36:53.046 [restartedMain] INFO  [org.apache.coyote.http11.Http11NioProtocol:173] - Starting ProtocolHandler ["http-nio-8080"]
2021-08-25 09:36:53.064 [restartedMain] INFO  [org.springframework.boot.web.embedded.tomcat.TomcatWebServer:220] - Tomcat started on port(s): 8080 (http) with context path ''
2021-08-25 09:36:53.074 [restartedMain] INFO  [com.crm.MyCrmApplication:61] - Started MyCrmApplication in 3.526 seconds (JVM running for 6.341)
2021-08-25 09:37:09.078 [http-nio-8080-exec-1] INFO  [org.apache.tomcat.util.http.parser.Cookie:173] - A cookie header was received [1629591076,1629622441,1629679592] that contained an invalid cookie. That cookie will be ignored.
 Note: further occurrences of this error will be logged at DEBUG level.
2021-08-25 09:37:09.084 [http-nio-8080-exec-1] INFO  [org.apache.catalina.core.ContainerBase.[Tomcat].[localhost].[/]:173] - Initializing Spring DispatcherServlet 'dispatcherServlet'
2021-08-25 09:37:09.084 [http-nio-8080-exec-1] INFO  [org.springframework.web.servlet.DispatcherServlet:525] - Initializing Servlet 'dispatcherServlet'
2021-08-25 09:37:09.085 [http-nio-8080-exec-1] INFO  [org.springframework.web.servlet.DispatcherServlet:547] - Completed initialization in 1 ms
2021-08-25 09:37:09.165 [http-nio-8080-exec-1] INFO  [com.zaxxer.hikari.HikariDataSource:110] - HikariPool-1 - Starting...
2021-08-25 09:37:09.361 [http-nio-8080-exec-1] INFO  [com.zaxxer.hikari.HikariDataSource:123] - HikariPool-1 - Start completed.
2021-08-25 09:38:08.788 [SpringApplicationShutdownHook] INFO  [com.zaxxer.hikari.HikariDataSource:350] - HikariPool-1 - Shutdown initiated...
2021-08-25 09:38:08.798 [SpringApplicationShutdownHook] INFO  [com.zaxxer.hikari.HikariDataSource:352] - HikariPool-1 - Shutdown completed.
2021-08-25 09:38:19.420 [restartedMain] INFO  [com.crm.MyCrmApplication:55] - Starting MyCrmApplication using Java 1.8.0_162 on DESKTOP-2U2RKNE with PID 40160 (E:\Zzy\projects\myCrm\target\classes started by huyueying in E:\Zzy\projects\myCrm)
2021-08-25 09:38:19.429 [restartedMain] INFO  [com.crm.MyCrmApplication:659] - No active profile set, falling back to default profiles: default
2021-08-25 09:38:19.466 [restartedMain] INFO  [org.springframework.boot.devtools.env.DevToolsPropertyDefaultsPostProcessor:255] - Devtools property defaults active! Set 'spring.devtools.add-properties' to 'false' to disable
2021-08-25 09:38:19.467 [restartedMain] INFO  [org.springframework.boot.devtools.env.DevToolsPropertyDefaultsPostProcessor:255] - For additional web related logging consider setting the 'logging.level.web' property to 'DEBUG'
2021-08-25 09:38:20.610 [restartedMain] INFO  [org.springframework.boot.web.embedded.tomcat.TomcatWebServer:108] - Tomcat initialized with port(s): 8080 (http)
2021-08-25 09:38:20.735 [restartedMain] INFO  [org.apache.coyote.http11.Http11NioProtocol:173] - Initializing ProtocolHandler ["http-nio-8080"]
2021-08-25 09:38:20.735 [restartedMain] INFO  [org.apache.catalina.core.StandardService:173] - Starting service [Tomcat]
2021-08-25 09:38:20.736 [restartedMain] INFO  [org.apache.catalina.core.StandardEngine:173] - Starting Servlet engine: [Apache Tomcat/9.0.52]
2021-08-25 09:38:20.856 [restartedMain] INFO  [org.apache.catalina.core.ContainerBase.[Tomcat].[localhost].[/]:173] - Initializing Spring embedded WebApplicationContext
2021-08-25 09:38:20.857 [restartedMain] INFO  [org.springframework.boot.web.servlet.context.ServletWebServerApplicationContext:290] - Root WebApplicationContext: initialization completed in 1390 ms
2021-08-25 09:38:21.899 [restartedMain] INFO  [org.springframework.boot.devtools.autoconfigure.OptionalLiveReloadServer:58] - LiveReload server is running on port 35729
2021-08-25 09:38:21.919 [restartedMain] INFO  [org.apache.coyote.http11.Http11NioProtocol:173] - Starting ProtocolHandler ["http-nio-8080"]
2021-08-25 09:38:21.935 [restartedMain] INFO  [org.springframework.boot.web.embedded.tomcat.TomcatWebServer:220] - Tomcat started on port(s): 8080 (http) with context path ''
2021-08-25 09:38:21.944 [restartedMain] INFO  [com.crm.MyCrmApplication:61] - Started MyCrmApplication in 2.953 seconds (JVM running for 5.32)
2021-08-25 09:38:30.078 [http-nio-8080-exec-1] INFO  [org.apache.tomcat.util.http.parser.Cookie:173] - A cookie header was received [1629591076,1629622441,1629679592] that contained an invalid cookie. That cookie will be ignored.
 Note: further occurrences of this error will be logged at DEBUG level.
2021-08-25 09:38:30.084 [http-nio-8080-exec-1] INFO  [org.apache.catalina.core.ContainerBase.[Tomcat].[localhost].[/]:173] - Initializing Spring DispatcherServlet 'dispatcherServlet'
2021-08-25 09:38:30.084 [http-nio-8080-exec-1] INFO  [org.springframework.web.servlet.DispatcherServlet:525] - Initializing Servlet 'dispatcherServlet'
2021-08-25 09:38:30.085 [http-nio-8080-exec-1] INFO  [org.springframework.web.servlet.DispatcherServlet:547] - Completed initialization in 1 ms
2021-08-25 09:38:30.154 [http-nio-8080-exec-1] INFO  [com.zaxxer.hikari.HikariDataSource:110] - HikariPool-1 - Starting...
2021-08-25 09:38:30.281 [http-nio-8080-exec-1] INFO  [com.zaxxer.hikari.HikariDataSource:123] - HikariPool-1 - Start completed.
2021-08-25 09:40:03.985 [SpringApplicationShutdownHook] INFO  [com.zaxxer.hikari.HikariDataSource:350] - HikariPool-1 - Shutdown initiated...
2021-08-25 09:40:03.994 [SpringApplicationShutdownHook] INFO  [com.zaxxer.hikari.HikariDataSource:352] - HikariPool-1 - Shutdown completed.
2021-08-25 09:40:11.510 [restartedMain] INFO  [com.crm.MyCrmApplication:55] - Starting MyCrmApplication using Java 1.8.0_162 on DESKTOP-2U2RKNE with PID 19096 (E:\Zzy\projects\myCrm\target\classes started by huyueying in E:\Zzy\projects\myCrm)
2021-08-25 09:40:11.517 [restartedMain] INFO  [com.crm.MyCrmApplication:659] - No active profile set, falling back to default profiles: default
2021-08-25 09:40:11.557 [restartedMain] INFO  [org.springframework.boot.devtools.env.DevToolsPropertyDefaultsPostProcessor:255] - Devtools property defaults active! Set 'spring.devtools.add-properties' to 'false' to disable
2021-08-25 09:40:11.557 [restartedMain] INFO  [org.springframework.boot.devtools.env.DevToolsPropertyDefaultsPostProcessor:255] - For additional web related logging consider setting the 'logging.level.web' property to 'DEBUG'
2021-08-25 09:40:12.621 [restartedMain] INFO  [org.springframework.boot.web.embedded.tomcat.TomcatWebServer:108] - Tomcat initialized with port(s): 8080 (http)
2021-08-25 09:40:12.727 [restartedMain] INFO  [org.apache.coyote.http11.Http11NioProtocol:173] - Initializing ProtocolHandler ["http-nio-8080"]
2021-08-25 09:40:12.728 [restartedMain] INFO  [org.apache.catalina.core.StandardService:173] - Starting service [Tomcat]
2021-08-25 09:40:12.728 [restartedMain] INFO  [org.apache.catalina.core.StandardEngine:173] - Starting Servlet engine: [Apache Tomcat/9.0.52]
2021-08-25 09:40:12.837 [restartedMain] INFO  [org.apache.catalina.core.ContainerBase.[Tomcat].[localhost].[/]:173] - Initializing Spring embedded WebApplicationContext
2021-08-25 09:40:12.838 [restartedMain] INFO  [org.springframework.boot.web.servlet.context.ServletWebServerApplicationContext:290] - Root WebApplicationContext: initialization completed in 1279 ms
2021-08-25 09:40:13.874 [restartedMain] INFO  [org.springframework.boot.devtools.autoconfigure.OptionalLiveReloadServer:58] - LiveReload server is running on port 35729
2021-08-25 09:40:13.894 [restartedMain] INFO  [org.apache.coyote.http11.Http11NioProtocol:173] - Starting ProtocolHandler ["http-nio-8080"]
2021-08-25 09:40:13.910 [restartedMain] INFO  [org.springframework.boot.web.embedded.tomcat.TomcatWebServer:220] - Tomcat started on port(s): 8080 (http) with context path ''
2021-08-25 09:40:13.920 [restartedMain] INFO  [com.crm.MyCrmApplication:61] - Started MyCrmApplication in 2.844 seconds (JVM running for 5.163)
2021-08-25 09:40:20.612 [http-nio-8080-exec-1] INFO  [org.apache.tomcat.util.http.parser.Cookie:173] - A cookie header was received [1629591076,1629622441,1629679592] that contained an invalid cookie. That cookie will be ignored.
 Note: further occurrences of this error will be logged at DEBUG level.
2021-08-25 09:40:20.617 [http-nio-8080-exec-1] INFO  [org.apache.catalina.core.ContainerBase.[Tomcat].[localhost].[/]:173] - Initializing Spring DispatcherServlet 'dispatcherServlet'
2021-08-25 09:40:20.618 [http-nio-8080-exec-1] INFO  [org.springframework.web.servlet.DispatcherServlet:525] - Initializing Servlet 'dispatcherServlet'
2021-08-25 09:40:20.619 [http-nio-8080-exec-1] INFO  [org.springframework.web.servlet.DispatcherServlet:547] - Completed initialization in 1 ms
2021-08-25 09:40:20.703 [http-nio-8080-exec-1] INFO  [com.zaxxer.hikari.HikariDataSource:110] - HikariPool-1 - Starting...
2021-08-25 09:40:20.831 [http-nio-8080-exec-1] INFO  [com.zaxxer.hikari.HikariDataSource:123] - HikariPool-1 - Start completed.
2021-08-25 09:40:58.397 [SpringApplicationShutdownHook] INFO  [com.zaxxer.hikari.HikariDataSource:350] - HikariPool-1 - Shutdown initiated...
2021-08-25 09:40:58.469 [SpringApplicationShutdownHook] INFO  [com.zaxxer.hikari.HikariDataSource:352] - HikariPool-1 - Shutdown completed.
2021-08-25 09:41:06.178 [restartedMain] INFO  [com.crm.MyCrmApplication:55] - Starting MyCrmApplication using Java 1.8.0_162 on DESKTOP-2U2RKNE with PID 32580 (E:\Zzy\projects\myCrm\target\classes started by huyueying in E:\Zzy\projects\myCrm)
2021-08-25 09:41:06.186 [restartedMain] INFO  [com.crm.MyCrmApplication:659] - No active profile set, falling back to default profiles: default
2021-08-25 09:41:06.224 [restartedMain] INFO  [org.springframework.boot.devtools.env.DevToolsPropertyDefaultsPostProcessor:255] - Devtools property defaults active! Set 'spring.devtools.add-properties' to 'false' to disable
2021-08-25 09:41:06.224 [restartedMain] INFO  [org.springframework.boot.devtools.env.DevToolsPropertyDefaultsPostProcessor:255] - For additional web related logging consider setting the 'logging.level.web' property to 'DEBUG'
2021-08-25 09:41:07.362 [restartedMain] INFO  [org.springframework.boot.web.embedded.tomcat.TomcatWebServer:108] - Tomcat initialized with port(s): 8080 (http)
2021-08-25 09:41:07.482 [restartedMain] INFO  [org.apache.coyote.http11.Http11NioProtocol:173] - Initializing ProtocolHandler ["http-nio-8080"]
2021-08-25 09:41:07.482 [restartedMain] INFO  [org.apache.catalina.core.StandardService:173] - Starting service [Tomcat]
2021-08-25 09:41:07.483 [restartedMain] INFO  [org.apache.catalina.core.StandardEngine:173] - Starting Servlet engine: [Apache Tomcat/9.0.52]
2021-08-25 09:41:07.602 [restartedMain] INFO  [org.apache.catalina.core.ContainerBase.[Tomcat].[localhost].[/]:173] - Initializing Spring embedded WebApplicationContext
2021-08-25 09:41:07.602 [restartedMain] INFO  [org.springframework.boot.web.servlet.context.ServletWebServerApplicationContext:290] - Root WebApplicationContext: initialization completed in 1377 ms
2021-08-25 09:41:08.705 [restartedMain] INFO  [org.springframework.boot.devtools.autoconfigure.OptionalLiveReloadServer:58] - LiveReload server is running on port 35729
2021-08-25 09:41:08.727 [restartedMain] INFO  [org.apache.coyote.http11.Http11NioProtocol:173] - Starting ProtocolHandler ["http-nio-8080"]
2021-08-25 09:41:08.742 [restartedMain] INFO  [org.springframework.boot.web.embedded.tomcat.TomcatWebServer:220] - Tomcat started on port(s): 8080 (http) with context path ''
2021-08-25 09:41:08.751 [restartedMain] INFO  [com.crm.MyCrmApplication:61] - Started MyCrmApplication in 3.045 seconds (JVM running for 5.42)
2021-08-25 09:41:21.455 [http-nio-8080-exec-1] INFO  [org.apache.tomcat.util.http.parser.Cookie:173] - A cookie header was received [1629591076,1629622441,1629679592] that contained an invalid cookie. That cookie will be ignored.
 Note: further occurrences of this error will be logged at DEBUG level.
2021-08-25 09:41:21.461 [http-nio-8080-exec-1] INFO  [org.apache.catalina.core.ContainerBase.[Tomcat].[localhost].[/]:173] - Initializing Spring DispatcherServlet 'dispatcherServlet'
2021-08-25 09:41:21.461 [http-nio-8080-exec-1] INFO  [org.springframework.web.servlet.DispatcherServlet:525] - Initializing Servlet 'dispatcherServlet'
2021-08-25 09:41:21.462 [http-nio-8080-exec-1] INFO  [org.springframework.web.servlet.DispatcherServlet:547] - Completed initialization in 1 ms
2021-08-25 09:41:21.544 [http-nio-8080-exec-1] INFO  [com.zaxxer.hikari.HikariDataSource:110] - HikariPool-1 - Starting...
2021-08-25 09:41:21.747 [http-nio-8080-exec-1] INFO  [com.zaxxer.hikari.HikariDataSource:123] - HikariPool-1 - Start completed.
2021-08-25 09:42:01.767 [SpringApplicationShutdownHook] INFO  [com.zaxxer.hikari.HikariDataSource:350] - HikariPool-1 - Shutdown initiated...
2021-08-25 09:42:01.776 [SpringApplicationShutdownHook] INFO  [com.zaxxer.hikari.HikariDataSource:352] - HikariPool-1 - Shutdown completed.
2021-08-25 09:42:09.467 [restartedMain] INFO  [com.crm.MyCrmApplication:55] - Starting MyCrmApplication using Java 1.8.0_162 on DESKTOP-2U2RKNE with PID 24672 (E:\Zzy\projects\myCrm\target\classes started by huyueying in E:\Zzy\projects\myCrm)
2021-08-25 09:42:09.476 [restartedMain] INFO  [com.crm.MyCrmApplication:659] - No active profile set, falling back to default profiles: default
2021-08-25 09:42:09.514 [restartedMain] INFO  [org.springframework.boot.devtools.env.DevToolsPropertyDefaultsPostProcessor:255] - Devtools property defaults active! Set 'spring.devtools.add-properties' to 'false' to disable
2021-08-25 09:42:09.514 [restartedMain] INFO  [org.springframework.boot.devtools.env.DevToolsPropertyDefaultsPostProcessor:255] - For additional web related logging consider setting the 'logging.level.web' property to 'DEBUG'
2021-08-25 09:42:10.577 [restartedMain] INFO  [org.springframework.boot.web.embedded.tomcat.TomcatWebServer:108] - Tomcat initialized with port(s): 8080 (http)
2021-08-25 09:42:10.683 [restartedMain] INFO  [org.apache.coyote.http11.Http11NioProtocol:173] - Initializing ProtocolHandler ["http-nio-8080"]
2021-08-25 09:42:10.684 [restartedMain] INFO  [org.apache.catalina.core.StandardService:173] - Starting service [Tomcat]
2021-08-25 09:42:10.684 [restartedMain] INFO  [org.apache.catalina.core.StandardEngine:173] - Starting Servlet engine: [Apache Tomcat/9.0.52]
2021-08-25 09:42:10.793 [restartedMain] INFO  [org.apache.catalina.core.ContainerBase.[Tomcat].[localhost].[/]:173] - Initializing Spring embedded WebApplicationContext
2021-08-25 09:42:10.793 [restartedMain] INFO  [org.springframework.boot.web.servlet.context.ServletWebServerApplicationContext:290] - Root WebApplicationContext: initialization completed in 1278 ms
2021-08-25 09:42:11.970 [restartedMain] INFO  [org.springframework.boot.devtools.autoconfigure.OptionalLiveReloadServer:58] - LiveReload server is running on port 35729
2021-08-25 09:42:11.994 [restartedMain] INFO  [org.apache.coyote.http11.Http11NioProtocol:173] - Starting ProtocolHandler ["http-nio-8080"]
2021-08-25 09:42:12.014 [restartedMain] INFO  [org.springframework.boot.web.embedded.tomcat.TomcatWebServer:220] - Tomcat started on port(s): 8080 (http) with context path ''
2021-08-25 09:42:12.024 [restartedMain] INFO  [com.crm.MyCrmApplication:61] - Started MyCrmApplication in 2.979 seconds (JVM running for 5.281)
2021-08-25 09:42:25.635 [http-nio-8080-exec-1] INFO  [org.apache.tomcat.util.http.parser.Cookie:173] - A cookie header was received [1629591076,1629622441,1629679592] that contained an invalid cookie. That cookie will be ignored.
 Note: further occurrences of this error will be logged at DEBUG level.
2021-08-25 09:42:25.641 [http-nio-8080-exec-1] INFO  [org.apache.catalina.core.ContainerBase.[Tomcat].[localhost].[/]:173] - Initializing Spring DispatcherServlet 'dispatcherServlet'
2021-08-25 09:42:25.641 [http-nio-8080-exec-1] INFO  [org.springframework.web.servlet.DispatcherServlet:525] - Initializing Servlet 'dispatcherServlet'
2021-08-25 09:42:25.643 [http-nio-8080-exec-1] INFO  [org.springframework.web.servlet.DispatcherServlet:547] - Completed initialization in 0 ms
2021-08-25 09:42:25.725 [http-nio-8080-exec-1] INFO  [com.zaxxer.hikari.HikariDataSource:110] - HikariPool-1 - Starting...
2021-08-25 09:42:25.859 [http-nio-8080-exec-1] INFO  [com.zaxxer.hikari.HikariDataSource:123] - HikariPool-1 - Start completed.
2021-08-25 09:43:42.929 [SpringApplicationShutdownHook] INFO  [com.zaxxer.hikari.HikariDataSource:350] - HikariPool-1 - Shutdown initiated...
2021-08-25 09:43:42.938 [SpringApplicationShutdownHook] INFO  [com.zaxxer.hikari.HikariDataSource:352] - HikariPool-1 - Shutdown completed.
2021-08-25 09:43:48.940 [restartedMain] INFO  [com.crm.MyCrmApplication:55] - Starting MyCrmApplication using Java 1.8.0_162 on DESKTOP-2U2RKNE with PID 37208 (E:\Zzy\projects\myCrm\target\classes started by huyueying in E:\Zzy\projects\myCrm)
2021-08-25 09:43:48.948 [restartedMain] INFO  [com.crm.MyCrmApplication:659] - No active profile set, falling back to default profiles: default
2021-08-25 09:43:48.986 [restartedMain] INFO  [org.springframework.boot.devtools.env.DevToolsPropertyDefaultsPostProcessor:255] - Devtools property defaults active! Set 'spring.devtools.add-properties' to 'false' to disable
2021-08-25 09:43:48.986 [restartedMain] INFO  [org.springframework.boot.devtools.env.DevToolsPropertyDefaultsPostProcessor:255] - For additional web related logging consider setting the 'logging.level.web' property to 'DEBUG'
2021-08-25 09:43:50.186 [restartedMain] INFO  [org.springframework.boot.web.embedded.tomcat.TomcatWebServer:108] - Tomcat initialized with port(s): 8080 (http)
2021-08-25 09:43:50.239 [restartedMain] INFO  [org.apache.coyote.http11.Http11NioProtocol:173] - Initializing ProtocolHandler ["http-nio-8080"]
2021-08-25 09:43:50.239 [restartedMain] INFO  [org.apache.catalina.core.StandardService:173] - Starting service [Tomcat]
2021-08-25 09:43:50.240 [restartedMain] INFO  [org.apache.catalina.core.StandardEngine:173] - Starting Servlet engine: [Apache Tomcat/9.0.52]
2021-08-25 09:43:50.350 [restartedMain] INFO  [org.apache.catalina.core.ContainerBase.[Tomcat].[localhost].[/]:173] - Initializing Spring embedded WebApplicationContext
2021-08-25 09:43:50.350 [restartedMain] INFO  [org.springframework.boot.web.servlet.context.ServletWebServerApplicationContext:290] - Root WebApplicationContext: initialization completed in 1364 ms
2021-08-25 09:43:51.420 [restartedMain] INFO  [org.springframework.boot.devtools.autoconfigure.OptionalLiveReloadServer:58] - LiveReload server is running on port 35729
2021-08-25 09:43:51.442 [restartedMain] INFO  [org.apache.coyote.http11.Http11NioProtocol:173] - Starting ProtocolHandler ["http-nio-8080"]
2021-08-25 09:43:51.457 [restartedMain] INFO  [org.springframework.boot.web.embedded.tomcat.TomcatWebServer:220] - Tomcat started on port(s): 8080 (http) with context path ''
2021-08-25 09:43:51.467 [restartedMain] INFO  [com.crm.MyCrmApplication:61] - Started MyCrmApplication in 3.076 seconds (JVM running for 5.448)
2021-08-25 09:44:12.965 [http-nio-8080-exec-1] INFO  [org.apache.tomcat.util.http.parser.Cookie:173] - A cookie header was received [1629591076,1629622441,1629679592] that contained an invalid cookie. That cookie will be ignored.
 Note: further occurrences of this error will be logged at DEBUG level.
2021-08-25 09:44:12.975 [http-nio-8080-exec-1] INFO  [org.apache.catalina.core.ContainerBase.[Tomcat].[localhost].[/]:173] - Initializing Spring DispatcherServlet 'dispatcherServlet'
2021-08-25 09:44:12.976 [http-nio-8080-exec-1] INFO  [org.springframework.web.servlet.DispatcherServlet:525] - Initializing Servlet 'dispatcherServlet'
2021-08-25 09:44:12.977 [http-nio-8080-exec-1] INFO  [org.springframework.web.servlet.DispatcherServlet:547] - Completed initialization in 1 ms
2021-08-25 09:44:13.099 [http-nio-8080-exec-1] INFO  [com.zaxxer.hikari.HikariDataSource:110] - HikariPool-1 - Starting...
2021-08-25 09:44:13.338 [http-nio-8080-exec-1] INFO  [com.zaxxer.hikari.HikariDataSource:123] - HikariPool-1 - Start completed.
2021-08-25 09:44:34.711 [SpringApplicationShutdownHook] INFO  [com.zaxxer.hikari.HikariDataSource:350] - HikariPool-1 - Shutdown initiated...
2021-08-25 09:44:34.720 [SpringApplicationShutdownHook] INFO  [com.zaxxer.hikari.HikariDataSource:352] - HikariPool-1 - Shutdown completed.
2021-08-25 09:44:39.359 [restartedMain] INFO  [com.crm.MyCrmApplication:55] - Starting MyCrmApplication using Java 1.8.0_162 on DESKTOP-2U2RKNE with PID 34680 (E:\Zzy\projects\myCrm\target\classes started by huyueying in E:\Zzy\projects\myCrm)
2021-08-25 09:44:39.368 [restartedMain] INFO  [com.crm.MyCrmApplication:659] - No active profile set, falling back to default profiles: default
2021-08-25 09:44:39.406 [restartedMain] INFO  [org.springframework.boot.devtools.env.DevToolsPropertyDefaultsPostProcessor:255] - Devtools property defaults active! Set 'spring.devtools.add-properties' to 'false' to disable
2021-08-25 09:44:39.406 [restartedMain] INFO  [org.springframework.boot.devtools.env.DevToolsPropertyDefaultsPostProcessor:255] - For additional web related logging consider setting the 'logging.level.web' property to 'DEBUG'
2021-08-25 09:44:40.492 [restartedMain] INFO  [org.springframework.boot.web.embedded.tomcat.TomcatWebServer:108] - Tomcat initialized with port(s): 8080 (http)
2021-08-25 09:44:40.597 [restartedMain] INFO  [org.apache.coyote.http11.Http11NioProtocol:173] - Initializing ProtocolHandler ["http-nio-8080"]
2021-08-25 09:44:40.597 [restartedMain] INFO  [org.apache.catalina.core.StandardService:173] - Starting service [Tomcat]
2021-08-25 09:44:40.598 [restartedMain] INFO  [org.apache.catalina.core.StandardEngine:173] - Starting Servlet engine: [Apache Tomcat/9.0.52]
2021-08-25 09:44:40.711 [restartedMain] INFO  [org.apache.catalina.core.ContainerBase.[Tomcat].[localhost].[/]:173] - Initializing Spring embedded WebApplicationContext
2021-08-25 09:44:40.711 [restartedMain] INFO  [org.springframework.boot.web.servlet.context.ServletWebServerApplicationContext:290] - Root WebApplicationContext: initialization completed in 1304 ms
2021-08-25 09:44:41.809 [restartedMain] INFO  [org.springframework.boot.devtools.autoconfigure.OptionalLiveReloadServer:58] - LiveReload server is running on port 35729
2021-08-25 09:44:41.830 [restartedMain] INFO  [org.apache.coyote.http11.Http11NioProtocol:173] - Starting ProtocolHandler ["http-nio-8080"]
2021-08-25 09:44:41.846 [restartedMain] INFO  [org.springframework.boot.web.embedded.tomcat.TomcatWebServer:220] - Tomcat started on port(s): 8080 (http) with context path ''
2021-08-25 09:44:41.857 [restartedMain] INFO  [com.crm.MyCrmApplication:61] - Started MyCrmApplication in 2.92 seconds (JVM running for 5.708)
2021-08-25 09:46:39.059 [restartedMain] INFO  [com.crm.MyCrmApplication:55] - Starting MyCrmApplication using Java 1.8.0_162 on DESKTOP-2U2RKNE with PID 43320 (E:\Zzy\projects\myCrm\target\classes started by huyueying in E:\Zzy\projects\myCrm)
2021-08-25 09:46:39.068 [restartedMain] INFO  [com.crm.MyCrmApplication:659] - No active profile set, falling back to default profiles: default
2021-08-25 09:46:39.106 [restartedMain] INFO  [org.springframework.boot.devtools.env.DevToolsPropertyDefaultsPostProcessor:255] - Devtools property defaults active! Set 'spring.devtools.add-properties' to 'false' to disable
2021-08-25 09:46:39.106 [restartedMain] INFO  [org.springframework.boot.devtools.env.DevToolsPropertyDefaultsPostProcessor:255] - For additional web related logging consider setting the 'logging.level.web' property to 'DEBUG'
2021-08-25 09:46:40.271 [restartedMain] INFO  [org.springframework.boot.web.embedded.tomcat.TomcatWebServer:108] - Tomcat initialized with port(s): 8080 (http)
2021-08-25 09:46:40.404 [restartedMain] INFO  [org.apache.coyote.http11.Http11NioProtocol:173] - Initializing ProtocolHandler ["http-nio-8080"]
2021-08-25 09:46:40.404 [restartedMain] INFO  [org.apache.catalina.core.StandardService:173] - Starting service [Tomcat]
2021-08-25 09:46:40.404 [restartedMain] INFO  [org.apache.catalina.core.StandardEngine:173] - Starting Servlet engine: [Apache Tomcat/9.0.52]
2021-08-25 09:46:40.512 [restartedMain] INFO  [org.apache.catalina.core.ContainerBase.[Tomcat].[localhost].[/]:173] - Initializing Spring embedded WebApplicationContext
2021-08-25 09:46:40.513 [restartedMain] INFO  [org.springframework.boot.web.servlet.context.ServletWebServerApplicationContext:290] - Root WebApplicationContext: initialization completed in 1406 ms
2021-08-25 09:46:41.619 [restartedMain] INFO  [org.springframework.boot.devtools.autoconfigure.OptionalLiveReloadServer:58] - LiveReload server is running on port 35729
2021-08-25 09:46:41.640 [restartedMain] INFO  [org.apache.coyote.http11.Http11NioProtocol:173] - Starting ProtocolHandler ["http-nio-8080"]
2021-08-25 09:46:41.655 [restartedMain] INFO  [org.springframework.boot.web.embedded.tomcat.TomcatWebServer:220] - Tomcat started on port(s): 8080 (http) with context path ''
2021-08-25 09:46:41.665 [restartedMain] INFO  [com.crm.MyCrmApplication:61] - Started MyCrmApplication in 3.052 seconds (JVM running for 5.75)
2021-08-25 09:46:56.774 [http-nio-8080-exec-1] INFO  [org.apache.tomcat.util.http.parser.Cookie:173] - A cookie header was received [1629591076,1629622441,1629679592] that contained an invalid cookie. That cookie will be ignored.
 Note: further occurrences of this error will be logged at DEBUG level.
2021-08-25 09:46:56.782 [http-nio-8080-exec-1] INFO  [org.apache.catalina.core.ContainerBase.[Tomcat].[localhost].[/]:173] - Initializing Spring DispatcherServlet 'dispatcherServlet'
2021-08-25 09:46:56.782 [http-nio-8080-exec-1] INFO  [org.springframework.web.servlet.DispatcherServlet:525] - Initializing Servlet 'dispatcherServlet'
2021-08-25 09:46:56.783 [http-nio-8080-exec-1] INFO  [org.springframework.web.servlet.DispatcherServlet:547] - Completed initialization in 1 ms
2021-08-25 09:47:04.817 [http-nio-8080-exec-1] INFO  [com.zaxxer.hikari.HikariDataSource:110] - HikariPool-1 - Starting...
2021-08-25 09:47:05.032 [http-nio-8080-exec-1] INFO  [com.zaxxer.hikari.HikariDataSource:123] - HikariPool-1 - Start completed.
2021-08-25 09:48:59.178 [SpringApplicationShutdownHook] INFO  [com.zaxxer.hikari.HikariDataSource:350] - HikariPool-1 - Shutdown initiated...
2021-08-25 09:48:59.189 [SpringApplicationShutdownHook] INFO  [com.zaxxer.hikari.HikariDataSource:352] - HikariPool-1 - Shutdown completed.
2021-08-25 09:49:07.660 [restartedMain] INFO  [com.crm.MyCrmApplication:55] - Starting MyCrmApplication using Java 1.8.0_162 on DESKTOP-2U2RKNE with PID 24684 (E:\Zzy\projects\myCrm\target\classes started by huyueying in E:\Zzy\projects\myCrm)
2021-08-25 09:49:07.668 [restartedMain] INFO  [com.crm.MyCrmApplication:659] - No active profile set, falling back to default profiles: default
2021-08-25 09:49:07.709 [restartedMain] INFO  [org.springframework.boot.devtools.env.DevToolsPropertyDefaultsPostProcessor:255] - Devtools property defaults active! Set 'spring.devtools.add-properties' to 'false' to disable
2021-08-25 09:49:07.709 [restartedMain] INFO  [org.springframework.boot.devtools.env.DevToolsPropertyDefaultsPostProcessor:255] - For additional web related logging consider setting the 'logging.level.web' property to 'DEBUG'
2021-08-25 09:49:08.888 [restartedMain] INFO  [org.springframework.boot.web.embedded.tomcat.TomcatWebServer:108] - Tomcat initialized with port(s): 8080 (http)
2021-08-25 09:49:08.999 [restartedMain] INFO  [org.apache.coyote.http11.Http11NioProtocol:173] - Initializing ProtocolHandler ["http-nio-8080"]
2021-08-25 09:49:08.999 [restartedMain] INFO  [org.apache.catalina.core.StandardService:173] - Starting service [Tomcat]
2021-08-25 09:49:09.000 [restartedMain] INFO  [org.apache.catalina.core.StandardEngine:173] - Starting Servlet engine: [Apache Tomcat/9.0.52]
2021-08-25 09:49:09.125 [restartedMain] INFO  [org.apache.catalina.core.ContainerBase.[Tomcat].[localhost].[/]:173] - Initializing Spring embedded WebApplicationContext
2021-08-25 09:49:09.125 [restartedMain] INFO  [org.springframework.boot.web.servlet.context.ServletWebServerApplicationContext:290] - Root WebApplicationContext: initialization completed in 1415 ms
2021-08-25 09:49:10.265 [restartedMain] INFO  [org.springframework.boot.devtools.autoconfigure.OptionalLiveReloadServer:58] - LiveReload server is running on port 35729
2021-08-25 09:49:10.291 [restartedMain] INFO  [org.apache.coyote.http11.Http11NioProtocol:173] - Starting ProtocolHandler ["http-nio-8080"]
2021-08-25 09:49:10.309 [restartedMain] INFO  [org.springframework.boot.web.embedded.tomcat.TomcatWebServer:220] - Tomcat started on port(s): 8080 (http) with context path ''
2021-08-25 09:49:10.320 [restartedMain] INFO  [com.crm.MyCrmApplication:61] - Started MyCrmApplication in 3.092 seconds (JVM running for 5.487)
2021-08-25 09:49:15.839 [http-nio-8080-exec-1] INFO  [org.apache.tomcat.util.http.parser.Cookie:173] - A cookie header was received [1629591076,1629622441,1629679592] that contained an invalid cookie. That cookie will be ignored.
 Note: further occurrences of this error will be logged at DEBUG level.
2021-08-25 09:49:15.845 [http-nio-8080-exec-1] INFO  [org.apache.catalina.core.ContainerBase.[Tomcat].[localhost].[/]:173] - Initializing Spring DispatcherServlet 'dispatcherServlet'
2021-08-25 09:49:15.846 [http-nio-8080-exec-1] INFO  [org.springframework.web.servlet.DispatcherServlet:525] - Initializing Servlet 'dispatcherServlet'
2021-08-25 09:49:15.847 [http-nio-8080-exec-1] INFO  [org.springframework.web.servlet.DispatcherServlet:547] - Completed initialization in 1 ms
2021-08-25 09:49:15.938 [http-nio-8080-exec-1] INFO  [com.zaxxer.hikari.HikariDataSource:110] - HikariPool-1 - Starting...
2021-08-25 09:49:16.070 [http-nio-8080-exec-1] INFO  [com.zaxxer.hikari.HikariDataSource:123] - HikariPool-1 - Start completed.
2021-08-25 09:49:52.787 [SpringApplicationShutdownHook] INFO  [com.zaxxer.hikari.HikariDataSource:350] - HikariPool-1 - Shutdown initiated...
2021-08-25 09:49:52.797 [SpringApplicationShutdownHook] INFO  [com.zaxxer.hikari.HikariDataSource:352] - HikariPool-1 - Shutdown completed.
2021-08-25 09:50:00.680 [restartedMain] INFO  [com.crm.MyCrmApplication:55] - Starting MyCrmApplication using Java 1.8.0_162 on DESKTOP-2U2RKNE with PID 42476 (E:\Zzy\projects\myCrm\target\classes started by huyueying in E:\Zzy\projects\myCrm)
2021-08-25 09:50:00.689 [restartedMain] INFO  [com.crm.MyCrmApplication:659] - No active profile set, falling back to default profiles: default
2021-08-25 09:50:00.726 [restartedMain] INFO  [org.springframework.boot.devtools.env.DevToolsPropertyDefaultsPostProcessor:255] - Devtools property defaults active! Set 'spring.devtools.add-properties' to 'false' to disable
2021-08-25 09:50:00.726 [restartedMain] INFO  [org.springframework.boot.devtools.env.DevToolsPropertyDefaultsPostProcessor:255] - For additional web related logging consider setting the 'logging.level.web' property to 'DEBUG'
2021-08-25 09:50:01.802 [restartedMain] INFO  [org.springframework.boot.web.embedded.tomcat.TomcatWebServer:108] - Tomcat initialized with port(s): 8080 (http)
2021-08-25 09:50:01.918 [restartedMain] INFO  [org.apache.coyote.http11.Http11NioProtocol:173] - Initializing ProtocolHandler ["http-nio-8080"]
2021-08-25 09:50:01.918 [restartedMain] INFO  [org.apache.catalina.core.StandardService:173] - Starting service [Tomcat]
2021-08-25 09:50:01.919 [restartedMain] INFO  [org.apache.catalina.core.StandardEngine:173] - Starting Servlet engine: [Apache Tomcat/9.0.52]
2021-08-25 09:50:02.032 [restartedMain] INFO  [org.apache.catalina.core.ContainerBase.[Tomcat].[localhost].[/]:173] - Initializing Spring embedded WebApplicationContext
2021-08-25 09:50:02.032 [restartedMain] INFO  [org.springframework.boot.web.servlet.context.ServletWebServerApplicationContext:290] - Root WebApplicationContext: initialization completed in 1305 ms
2021-08-25 09:50:03.088 [restartedMain] INFO  [org.springframework.boot.devtools.autoconfigure.OptionalLiveReloadServer:58] - LiveReload server is running on port 35729
2021-08-25 09:50:03.109 [restartedMain] INFO  [org.apache.coyote.http11.Http11NioProtocol:173] - Starting ProtocolHandler ["http-nio-8080"]
2021-08-25 09:50:03.126 [restartedMain] INFO  [org.springframework.boot.web.embedded.tomcat.TomcatWebServer:220] - Tomcat started on port(s): 8080 (http) with context path ''
2021-08-25 09:50:03.135 [restartedMain] INFO  [com.crm.MyCrmApplication:61] - Started MyCrmApplication in 2.876 seconds (JVM running for 5.379)
2021-08-25 09:50:09.830 [http-nio-8080-exec-1] INFO  [org.apache.tomcat.util.http.parser.Cookie:173] - A cookie header was received [1629591076,1629622441,1629679592] that contained an invalid cookie. That cookie will be ignored.
 Note: further occurrences of this error will be logged at DEBUG level.
2021-08-25 09:50:09.835 [http-nio-8080-exec-1] INFO  [org.apache.catalina.core.ContainerBase.[Tomcat].[localhost].[/]:173] - Initializing Spring DispatcherServlet 'dispatcherServlet'
2021-08-25 09:50:09.836 [http-nio-8080-exec-1] INFO  [org.springframework.web.servlet.DispatcherServlet:525] - Initializing Servlet 'dispatcherServlet'
2021-08-25 09:50:09.837 [http-nio-8080-exec-1] INFO  [org.springframework.web.servlet.DispatcherServlet:547] - Completed initialization in 1 ms
2021-08-25 09:50:09.930 [http-nio-8080-exec-1] INFO  [com.zaxxer.hikari.HikariDataSource:110] - HikariPool-1 - Starting...
2021-08-25 09:50:10.080 [http-nio-8080-exec-1] INFO  [com.zaxxer.hikari.HikariDataSource:123] - HikariPool-1 - Start completed.
2021-08-25 09:51:19.808 [SpringApplicationShutdownHook] INFO  [com.zaxxer.hikari.HikariDataSource:350] - HikariPool-1 - Shutdown initiated...
2021-08-25 09:51:19.818 [SpringApplicationShutdownHook] INFO  [com.zaxxer.hikari.HikariDataSource:352] - HikariPool-1 - Shutdown completed.
2021-08-25 09:51:27.244 [restartedMain] INFO  [com.crm.MyCrmApplication:55] - Starting MyCrmApplication using Java 1.8.0_162 on DESKTOP-2U2RKNE with PID 43980 (E:\Zzy\projects\myCrm\target\classes started by huyueying in E:\Zzy\projects\myCrm)
2021-08-25 09:51:27.254 [restartedMain] INFO  [com.crm.MyCrmApplication:659] - No active profile set, falling back to default profiles: default
2021-08-25 09:51:27.294 [restartedMain] INFO  [org.springframework.boot.devtools.env.DevToolsPropertyDefaultsPostProcessor:255] - Devtools property defaults active! Set 'spring.devtools.add-properties' to 'false' to disable
2021-08-25 09:51:27.294 [restartedMain] INFO  [org.springframework.boot.devtools.env.DevToolsPropertyDefaultsPostProcessor:255] - For additional web related logging consider setting the 'logging.level.web' property to 'DEBUG'
2021-08-25 09:51:28.437 [restartedMain] INFO  [org.springframework.boot.web.embedded.tomcat.TomcatWebServer:108] - Tomcat initialized with port(s): 8080 (http)
2021-08-25 09:51:28.552 [restartedMain] INFO  [org.apache.coyote.http11.Http11NioProtocol:173] - Initializing ProtocolHandler ["http-nio-8080"]
2021-08-25 09:51:28.553 [restartedMain] INFO  [org.apache.catalina.core.StandardService:173] - Starting service [Tomcat]
2021-08-25 09:51:28.553 [restartedMain] INFO  [org.apache.catalina.core.StandardEngine:173] - Starting Servlet engine: [Apache Tomcat/9.0.52]
2021-08-25 09:51:28.673 [restartedMain] INFO  [org.apache.catalina.core.ContainerBase.[Tomcat].[localhost].[/]:173] - Initializing Spring embedded WebApplicationContext
2021-08-25 09:51:28.674 [restartedMain] INFO  [org.springframework.boot.web.servlet.context.ServletWebServerApplicationContext:290] - Root WebApplicationContext: initialization completed in 1379 ms
2021-08-25 09:51:29.871 [restartedMain] INFO  [org.springframework.boot.devtools.autoconfigure.OptionalLiveReloadServer:58] - LiveReload server is running on port 35729
2021-08-25 09:51:29.892 [restartedMain] INFO  [org.apache.coyote.http11.Http11NioProtocol:173] - Starting ProtocolHandler ["http-nio-8080"]
2021-08-25 09:51:29.907 [restartedMain] INFO  [org.springframework.boot.web.embedded.tomcat.TomcatWebServer:220] - Tomcat started on port(s): 8080 (http) with context path ''
2021-08-25 09:51:29.917 [restartedMain] INFO  [com.crm.MyCrmApplication:61] - Started MyCrmApplication in 3.12 seconds (JVM running for 5.647)
2021-08-25 09:51:35.123 [http-nio-8080-exec-1] INFO  [org.apache.tomcat.util.http.parser.Cookie:173] - A cookie header was received [1629591076,1629622441,1629679592] that contained an invalid cookie. That cookie will be ignored.
 Note: further occurrences of this error will be logged at DEBUG level.
2021-08-25 09:51:35.129 [http-nio-8080-exec-1] INFO  [org.apache.catalina.core.ContainerBase.[Tomcat].[localhost].[/]:173] - Initializing Spring DispatcherServlet 'dispatcherServlet'
2021-08-25 09:51:35.129 [http-nio-8080-exec-1] INFO  [org.springframework.web.servlet.DispatcherServlet:525] - Initializing Servlet 'dispatcherServlet'
2021-08-25 09:51:35.130 [http-nio-8080-exec-1] INFO  [org.springframework.web.servlet.DispatcherServlet:547] - Completed initialization in 1 ms
2021-08-25 09:51:35.222 [http-nio-8080-exec-1] INFO  [com.zaxxer.hikari.HikariDataSource:110] - HikariPool-1 - Starting...
2021-08-25 09:51:35.352 [http-nio-8080-exec-1] INFO  [com.zaxxer.hikari.HikariDataSource:123] - HikariPool-1 - Start completed.
2021-08-25 09:54:19.715 [HikariPool-1 housekeeper] WARN  [com.zaxxer.hikari.pool.HikariPool:788] - HikariPool-1 - Thread starvation or clock leap detected (housekeeper delta=2m44s259ms809µs300ns).
2021-08-25 09:54:20.817 [SpringApplicationShutdownHook] INFO  [com.zaxxer.hikari.HikariDataSource:350] - HikariPool-1 - Shutdown initiated...
2021-08-25 09:54:20.824 [SpringApplicationShutdownHook] INFO  [com.zaxxer.hikari.HikariDataSource:352] - HikariPool-1 - Shutdown completed.
2021-08-25 09:54:27.524 [restartedMain] INFO  [com.crm.MyCrmApplication:55] - Starting MyCrmApplication using Java 1.8.0_162 on DESKTOP-2U2RKNE with PID 21376 (E:\Zzy\projects\myCrm\target\classes started by huyueying in E:\Zzy\projects\myCrm)
2021-08-25 09:54:27.532 [restartedMain] INFO  [com.crm.MyCrmApplication:659] - No active profile set, falling back to default profiles: default
2021-08-25 09:54:27.573 [restartedMain] INFO  [org.springframework.boot.devtools.env.DevToolsPropertyDefaultsPostProcessor:255] - Devtools property defaults active! Set 'spring.devtools.add-properties' to 'false' to disable
2021-08-25 09:54:27.573 [restartedMain] INFO  [org.springframework.boot.devtools.env.DevToolsPropertyDefaultsPostProcessor:255] - For additional web related logging consider setting the 'logging.level.web' property to 'DEBUG'
2021-08-25 09:54:28.645 [restartedMain] INFO  [org.springframework.boot.web.embedded.tomcat.TomcatWebServer:108] - Tomcat initialized with port(s): 8080 (http)
2021-08-25 09:54:28.761 [restartedMain] INFO  [org.apache.coyote.http11.Http11NioProtocol:173] - Initializing ProtocolHandler ["http-nio-8080"]
2021-08-25 09:54:28.761 [restartedMain] INFO  [org.apache.catalina.core.StandardService:173] - Starting service [Tomcat]
2021-08-25 09:54:28.762 [restartedMain] INFO  [org.apache.catalina.core.StandardEngine:173] - Starting Servlet engine: [Apache Tomcat/9.0.52]
2021-08-25 09:54:28.874 [restartedMain] INFO  [org.apache.catalina.core.ContainerBase.[Tomcat].[localhost].[/]:173] - Initializing Spring embedded WebApplicationContext
2021-08-25 09:54:28.875 [restartedMain] INFO  [org.springframework.boot.web.servlet.context.ServletWebServerApplicationContext:290] - Root WebApplicationContext: initialization completed in 1300 ms
2021-08-25 09:54:29.948 [restartedMain] INFO  [org.springframework.boot.devtools.autoconfigure.OptionalLiveReloadServer:58] - LiveReload server is running on port 35729
2021-08-25 09:54:29.970 [restartedMain] INFO  [org.apache.coyote.http11.Http11NioProtocol:173] - Starting ProtocolHandler ["http-nio-8080"]
2021-08-25 09:54:29.986 [restartedMain] INFO  [org.springframework.boot.web.embedded.tomcat.TomcatWebServer:220] - Tomcat started on port(s): 8080 (http) with context path ''
2021-08-25 09:54:29.995 [restartedMain] INFO  [com.crm.MyCrmApplication:61] - Started MyCrmApplication in 2.893 seconds (JVM running for 5.222)
2021-08-25 09:54:34.331 [http-nio-8080-exec-1] INFO  [org.apache.tomcat.util.http.parser.Cookie:173] - A cookie header was received [1629591076,1629622441,1629679592] that contained an invalid cookie. That cookie will be ignored.
 Note: further occurrences of this error will be logged at DEBUG level.
2021-08-25 09:54:34.337 [http-nio-8080-exec-1] INFO  [org.apache.catalina.core.ContainerBase.[Tomcat].[localhost].[/]:173] - Initializing Spring DispatcherServlet 'dispatcherServlet'
2021-08-25 09:54:34.337 [http-nio-8080-exec-1] INFO  [org.springframework.web.servlet.DispatcherServlet:525] - Initializing Servlet 'dispatcherServlet'
2021-08-25 09:54:34.338 [http-nio-8080-exec-1] INFO  [org.springframework.web.servlet.DispatcherServlet:547] - Completed initialization in 1 ms
2021-08-25 09:54:34.429 [http-nio-8080-exec-1] INFO  [com.zaxxer.hikari.HikariDataSource:110] - HikariPool-1 - Starting...
2021-08-25 09:54:34.558 [http-nio-8080-exec-1] INFO  [com.zaxxer.hikari.HikariDataSource:123] - HikariPool-1 - Start completed.
2021-08-25 09:57:22.661 [SpringApplicationShutdownHook] INFO  [com.zaxxer.hikari.HikariDataSource:350] - HikariPool-1 - Shutdown initiated...
2021-08-25 09:57:22.700 [SpringApplicationShutdownHook] INFO  [com.zaxxer.hikari.HikariDataSource:352] - HikariPool-1 - Shutdown completed.
2021-08-25 09:57:31.074 [restartedMain] INFO  [com.crm.MyCrmApplication:55] - Starting MyCrmApplication using Java 1.8.0_162 on DESKTOP-2U2RKNE with PID 42300 (E:\Zzy\projects\myCrm\target\classes started by huyueying in E:\Zzy\projects\myCrm)
2021-08-25 09:57:31.081 [restartedMain] INFO  [com.crm.MyCrmApplication:659] - No active profile set, falling back to default profiles: default
2021-08-25 09:57:31.118 [restartedMain] INFO  [org.springframework.boot.devtools.env.DevToolsPropertyDefaultsPostProcessor:255] - Devtools property defaults active! Set 'spring.devtools.add-properties' to 'false' to disable
2021-08-25 09:57:31.118 [restartedMain] INFO  [org.springframework.boot.devtools.env.DevToolsPropertyDefaultsPostProcessor:255] - For additional web related logging consider setting the 'logging.level.web' property to 'DEBUG'
2021-08-25 09:57:32.253 [restartedMain] INFO  [org.springframework.boot.web.embedded.tomcat.TomcatWebServer:108] - Tomcat initialized with port(s): 8080 (http)
2021-08-25 09:57:32.311 [restartedMain] INFO  [org.apache.coyote.http11.Http11NioProtocol:173] - Initializing ProtocolHandler ["http-nio-8080"]
2021-08-25 09:57:32.312 [restartedMain] INFO  [org.apache.catalina.core.StandardService:173] - Starting service [Tomcat]
2021-08-25 09:57:32.312 [restartedMain] INFO  [org.apache.catalina.core.StandardEngine:173] - Starting Servlet engine: [Apache Tomcat/9.0.52]
2021-08-25 09:57:32.428 [restartedMain] INFO  [org.apache.catalina.core.ContainerBase.[Tomcat].[localhost].[/]:173] - Initializing Spring embedded WebApplicationContext
2021-08-25 09:57:32.429 [restartedMain] INFO  [org.springframework.boot.web.servlet.context.ServletWebServerApplicationContext:290] - Root WebApplicationContext: initialization completed in 1309 ms
2021-08-25 09:57:33.677 [restartedMain] INFO  [org.springframework.boot.devtools.autoconfigure.OptionalLiveReloadServer:58] - LiveReload server is running on port 35729
2021-08-25 09:57:33.710 [restartedMain] INFO  [org.apache.coyote.http11.Http11NioProtocol:173] - Starting ProtocolHandler ["http-nio-8080"]
2021-08-25 09:57:33.729 [restartedMain] INFO  [org.springframework.boot.web.embedded.tomcat.TomcatWebServer:220] - Tomcat started on port(s): 8080 (http) with context path ''
2021-08-25 09:57:33.740 [restartedMain] INFO  [com.crm.MyCrmApplication:61] - Started MyCrmApplication in 3.163 seconds (JVM running for 5.546)
2021-08-25 09:57:39.442 [http-nio-8080-exec-1] INFO  [org.apache.tomcat.util.http.parser.Cookie:173] - A cookie header was received [1629591076,1629622441,1629679592] that contained an invalid cookie. That cookie will be ignored.
 Note: further occurrences of this error will be logged at DEBUG level.
2021-08-25 09:57:39.450 [http-nio-8080-exec-1] INFO  [org.apache.catalina.core.ContainerBase.[Tomcat].[localhost].[/]:173] - Initializing Spring DispatcherServlet 'dispatcherServlet'
2021-08-25 09:57:39.450 [http-nio-8080-exec-1] INFO  [org.springframework.web.servlet.DispatcherServlet:525] - Initializing Servlet 'dispatcherServlet'
2021-08-25 09:57:39.451 [http-nio-8080-exec-1] INFO  [org.springframework.web.servlet.DispatcherServlet:547] - Completed initialization in 1 ms
2021-08-25 09:57:39.503 [http-nio-8080-exec-1] ERROR [org.apache.catalina.core.ContainerBase.[Tomcat].[localhost].[/].[dispatcherServlet]:175] - Servlet.service() for servlet [dispatcherServlet] in context with path [] threw exception [Request processing failed; nested exception is org.apache.ibatis.binding.BindingException: Invalid bound statement (not found): com.crm.mapper.TestMapper.selectSystemUserManageByTest2] with root cause
org.apache.ibatis.binding.BindingException: Invalid bound statement (not found): com.crm.mapper.TestMapper.selectSystemUserManageByTest2
	at org.apache.ibatis.binding.MapperMethod$SqlCommand.<init>(MapperMethod.java:235) ~[mybatis-3.5.2.jar:3.5.2]
	at com.baomidou.mybatisplus.core.override.MybatisMapperMethod.<init>(MybatisMapperMethod.java:49) ~[mybatis-plus-core-3.2.0.jar:3.2.0]
	at com.baomidou.mybatisplus.core.override.MybatisMapperProxy.lambda$cachedMapperMethod$0(MybatisMapperProxy.java:65) ~[mybatis-plus-core-3.2.0.jar:3.2.0]
	at java.util.concurrent.ConcurrentHashMap.computeIfAbsent(ConcurrentHashMap.java:1660) ~[?:1.8.0_162]
	at com.baomidou.mybatisplus.core.override.MybatisMapperProxy.cachedMapperMethod(MybatisMapperProxy.java:65) ~[mybatis-plus-core-3.2.0.jar:3.2.0]
	at com.baomidou.mybatisplus.core.override.MybatisMapperProxy.invoke(MybatisMapperProxy.java:60) ~[mybatis-plus-core-3.2.0.jar:3.2.0]
	at com.sun.proxy.$Proxy81.selectSystemUserManageByTest2(Unknown Source) ~[?:?]
	at sun.reflect.NativeMethodAccessorImpl.invoke0(Native Method) ~[?:1.8.0_162]
	at sun.reflect.NativeMethodAccessorImpl.invoke(NativeMethodAccessorImpl.java:62) ~[?:1.8.0_162]
	at sun.reflect.DelegatingMethodAccessorImpl.invoke(DelegatingMethodAccessorImpl.java:43) ~[?:1.8.0_162]
	at java.lang.reflect.Method.invoke(Method.java:498) ~[?:1.8.0_162]
	at org.springframework.aop.support.AopUtils.invokeJoinpointUsingReflection(AopUtils.java:344) ~[spring-aop-5.3.9.jar:5.3.9]
	at org.springframework.aop.framework.ReflectiveMethodInvocation.invokeJoinpoint(ReflectiveMethodInvocation.java:198) ~[spring-aop-5.3.9.jar:5.3.9]
	at org.springframework.aop.framework.ReflectiveMethodInvocation.proceed(ReflectiveMethodInvocation.java:163) ~[spring-aop-5.3.9.jar:5.3.9]
	at org.springframework.dao.support.PersistenceExceptionTranslationInterceptor.invoke(PersistenceExceptionTranslationInterceptor.java:137) ~[spring-tx-5.3.9.jar:5.3.9]
	at org.springframework.aop.framework.ReflectiveMethodInvocation.proceed(ReflectiveMethodInvocation.java:186) ~[spring-aop-5.3.9.jar:5.3.9]
	at org.springframework.aop.framework.JdkDynamicAopProxy.invoke(JdkDynamicAopProxy.java:215) ~[spring-aop-5.3.9.jar:5.3.9]
	at com.sun.proxy.$Proxy82.selectSystemUserManageByTest2(Unknown Source) ~[?:?]
	at com.crm.controller.EmpController.selectSystemUserManage(EmpController.java:61) ~[classes/:?]
	at sun.reflect.NativeMethodAccessorImpl.invoke0(Native Method) ~[?:1.8.0_162]
	at sun.reflect.NativeMethodAccessorImpl.invoke(NativeMethodAccessorImpl.java:62) ~[?:1.8.0_162]
	at sun.reflect.DelegatingMethodAccessorImpl.invoke(DelegatingMethodAccessorImpl.java:43) ~[?:1.8.0_162]
	at java.lang.reflect.Method.invoke(Method.java:498) ~[?:1.8.0_162]
	at org.springframework.web.method.support.InvocableHandlerMethod.doInvoke(InvocableHandlerMethod.java:197) ~[spring-web-5.3.9.jar:5.3.9]
	at org.springframework.web.method.support.InvocableHandlerMethod.invokeForRequest(InvocableHandlerMethod.java:141) ~[spring-web-5.3.9.jar:5.3.9]
	at org.springframework.web.servlet.mvc.method.annotation.ServletInvocableHandlerMethod.invokeAndHandle(ServletInvocableHandlerMethod.java:106) ~[spring-webmvc-5.3.9.jar:5.3.9]
	at org.springframework.web.servlet.mvc.method.annotation.RequestMappingHandlerAdapter.invokeHandlerMethod(RequestMappingHandlerAdapter.java:895) ~[spring-webmvc-5.3.9.jar:5.3.9]
	at org.springframework.web.servlet.mvc.method.annotation.RequestMappingHandlerAdapter.handleInternal(RequestMappingHandlerAdapter.java:808) ~[spring-webmvc-5.3.9.jar:5.3.9]
	at org.springframework.web.servlet.mvc.method.AbstractHandlerMethodAdapter.handle(AbstractHandlerMethodAdapter.java:87) ~[spring-webmvc-5.3.9.jar:5.3.9]
	at org.springframework.web.servlet.DispatcherServlet.doDispatch(DispatcherServlet.java:1064) ~[spring-webmvc-5.3.9.jar:5.3.9]
	at org.springframework.web.servlet.DispatcherServlet.doService(DispatcherServlet.java:963) ~[spring-webmvc-5.3.9.jar:5.3.9]
	at org.springframework.web.servlet.FrameworkServlet.processRequest(FrameworkServlet.java:1006) ~[spring-webmvc-5.3.9.jar:5.3.9]
	at org.springframework.web.servlet.FrameworkServlet.doGet(FrameworkServlet.java:898) ~[spring-webmvc-5.3.9.jar:5.3.9]
	at javax.servlet.http.HttpServlet.service(HttpServlet.java:655) ~[tomcat-embed-core-9.0.52.jar:4.0.FR]
	at org.springframework.web.servlet.FrameworkServlet.service(FrameworkServlet.java:883) ~[spring-webmvc-5.3.9.jar:5.3.9]
	at javax.servlet.http.HttpServlet.service(HttpServlet.java:764) ~[tomcat-embed-core-9.0.52.jar:4.0.FR]
	at org.apache.catalina.core.ApplicationFilterChain.internalDoFilter(ApplicationFilterChain.java:227) ~[tomcat-embed-core-9.0.52.jar:9.0.52]
	at org.apache.catalina.core.ApplicationFilterChain.doFilter(ApplicationFilterChain.java:162) ~[tomcat-embed-core-9.0.52.jar:9.0.52]
	at org.apache.tomcat.websocket.server.WsFilter.doFilter(WsFilter.java:53) ~[tomcat-embed-websocket-9.0.52.jar:9.0.52]
	at org.apache.catalina.core.ApplicationFilterChain.internalDoFilter(ApplicationFilterChain.java:189) ~[tomcat-embed-core-9.0.52.jar:9.0.52]
	at org.apache.catalina.core.ApplicationFilterChain.doFilter(ApplicationFilterChain.java:162) ~[tomcat-embed-core-9.0.52.jar:9.0.52]
	at org.springframework.web.filter.RequestContextFilter.doFilterInternal(RequestContextFilter.java:100) ~[spring-web-5.3.9.jar:5.3.9]
	at org.springframework.web.filter.OncePerRequestFilter.doFilter(OncePerRequestFilter.java:119) ~[spring-web-5.3.9.jar:5.3.9]
	at org.apache.catalina.core.ApplicationFilterChain.internalDoFilter(ApplicationFilterChain.java:189) ~[tomcat-embed-core-9.0.52.jar:9.0.52]
	at org.apache.catalina.core.ApplicationFilterChain.doFilter(ApplicationFilterChain.java:162) ~[tomcat-embed-core-9.0.52.jar:9.0.52]
	at org.springframework.web.filter.FormContentFilter.doFilterInternal(FormContentFilter.java:93) ~[spring-web-5.3.9.jar:5.3.9]
	at org.springframework.web.filter.OncePerRequestFilter.doFilter(OncePerRequestFilter.java:119) ~[spring-web-5.3.9.jar:5.3.9]
	at org.apache.catalina.core.ApplicationFilterChain.internalDoFilter(ApplicationFilterChain.java:189) ~[tomcat-embed-core-9.0.52.jar:9.0.52]
	at org.apache.catalina.core.ApplicationFilterChain.doFilter(ApplicationFilterChain.java:162) ~[tomcat-embed-core-9.0.52.jar:9.0.52]
	at org.springframework.web.filter.CharacterEncodingFilter.doFilterInternal(CharacterEncodingFilter.java:201) ~[spring-web-5.3.9.jar:5.3.9]
	at org.springframework.web.filter.OncePerRequestFilter.doFilter(OncePerRequestFilter.java:119) ~[spring-web-5.3.9.jar:5.3.9]
	at org.apache.catalina.core.ApplicationFilterChain.internalDoFilter(ApplicationFilterChain.java:189) ~[tomcat-embed-core-9.0.52.jar:9.0.52]
	at org.apache.catalina.core.ApplicationFilterChain.doFilter(ApplicationFilterChain.java:162) ~[tomcat-embed-core-9.0.52.jar:9.0.52]
	at org.apache.catalina.core.StandardWrapperValve.invoke(StandardWrapperValve.java:197) [tomcat-embed-core-9.0.52.jar:9.0.52]
	at org.apache.catalina.core.StandardContextValve.invoke(StandardContextValve.java:97) [tomcat-embed-core-9.0.52.jar:9.0.52]
	at org.apache.catalina.authenticator.AuthenticatorBase.invoke(AuthenticatorBase.java:542) [tomcat-embed-core-9.0.52.jar:9.0.52]
	at org.apache.catalina.core.StandardHostValve.invoke(StandardHostValve.java:135) [tomcat-embed-core-9.0.52.jar:9.0.52]
	at org.apache.catalina.valves.ErrorReportValve.invoke(ErrorReportValve.java:92) [tomcat-embed-core-9.0.52.jar:9.0.52]
	at org.apache.catalina.core.StandardEngineValve.invoke(StandardEngineValve.java:78) [tomcat-embed-core-9.0.52.jar:9.0.52]
	at org.apache.catalina.connector.CoyoteAdapter.service(CoyoteAdapter.java:357) [tomcat-embed-core-9.0.52.jar:9.0.52]
	at org.apache.coyote.http11.Http11Processor.service(Http11Processor.java:382) [tomcat-embed-core-9.0.52.jar:9.0.52]
	at org.apache.coyote.AbstractProcessorLight.process(AbstractProcessorLight.java:65) [tomcat-embed-core-9.0.52.jar:9.0.52]
	at org.apache.coyote.AbstractProtocol$ConnectionHandler.process(AbstractProtocol.java:893) [tomcat-embed-core-9.0.52.jar:9.0.52]
	at org.apache.tomcat.util.net.NioEndpoint$SocketProcessor.doRun(NioEndpoint.java:1726) [tomcat-embed-core-9.0.52.jar:9.0.52]
	at org.apache.tomcat.util.net.SocketProcessorBase.run(SocketProcessorBase.java:49) [tomcat-embed-core-9.0.52.jar:9.0.52]
	at org.apache.tomcat.util.threads.ThreadPoolExecutor.runWorker(ThreadPoolExecutor.java:1191) [tomcat-embed-core-9.0.52.jar:9.0.52]
	at org.apache.tomcat.util.threads.ThreadPoolExecutor$Worker.run(ThreadPoolExecutor.java:659) [tomcat-embed-core-9.0.52.jar:9.0.52]
	at org.apache.tomcat.util.threads.TaskThread$WrappingRunnable.run(TaskThread.java:61) [tomcat-embed-core-9.0.52.jar:9.0.52]
	at java.lang.Thread.run(Thread.java:748) [?:1.8.0_162]
2021-08-25 09:58:32.496 [restartedMain] INFO  [com.crm.MyCrmApplication:55] - Starting MyCrmApplication using Java 1.8.0_162 on DESKTOP-2U2RKNE with PID 8044 (E:\Zzy\projects\myCrm\target\classes started by huyueying in E:\Zzy\projects\myCrm)
2021-08-25 09:58:32.504 [restartedMain] INFO  [com.crm.MyCrmApplication:659] - No active profile set, falling back to default profiles: default
2021-08-25 09:58:32.543 [restartedMain] INFO  [org.springframework.boot.devtools.env.DevToolsPropertyDefaultsPostProcessor:255] - Devtools property defaults active! Set 'spring.devtools.add-properties' to 'false' to disable
2021-08-25 09:58:32.543 [restartedMain] INFO  [org.springframework.boot.devtools.env.DevToolsPropertyDefaultsPostProcessor:255] - For additional web related logging consider setting the 'logging.level.web' property to 'DEBUG'
2021-08-25 09:58:33.608 [restartedMain] INFO  [org.springframework.boot.web.embedded.tomcat.TomcatWebServer:108] - Tomcat initialized with port(s): 8080 (http)
2021-08-25 09:58:33.712 [restartedMain] INFO  [org.apache.coyote.http11.Http11NioProtocol:173] - Initializing ProtocolHandler ["http-nio-8080"]
2021-08-25 09:58:33.712 [restartedMain] INFO  [org.apache.catalina.core.StandardService:173] - Starting service [Tomcat]
2021-08-25 09:58:33.712 [restartedMain] INFO  [org.apache.catalina.core.StandardEngine:173] - Starting Servlet engine: [Apache Tomcat/9.0.52]
2021-08-25 09:58:33.825 [restartedMain] INFO  [org.apache.catalina.core.ContainerBase.[Tomcat].[localhost].[/]:173] - Initializing Spring embedded WebApplicationContext
2021-08-25 09:58:33.826 [restartedMain] INFO  [org.springframework.boot.web.servlet.context.ServletWebServerApplicationContext:290] - Root WebApplicationContext: initialization completed in 1281 ms
2021-08-25 09:58:34.944 [restartedMain] INFO  [org.springframework.boot.devtools.autoconfigure.OptionalLiveReloadServer:58] - LiveReload server is running on port 35729
2021-08-25 09:58:34.964 [restartedMain] INFO  [org.apache.coyote.http11.Http11NioProtocol:173] - Starting ProtocolHandler ["http-nio-8080"]
2021-08-25 09:58:34.980 [restartedMain] INFO  [org.springframework.boot.web.embedded.tomcat.TomcatWebServer:220] - Tomcat started on port(s): 8080 (http) with context path ''
2021-08-25 09:58:34.989 [restartedMain] INFO  [com.crm.MyCrmApplication:61] - Started MyCrmApplication in 2.922 seconds (JVM running for 5.669)
2021-08-25 09:58:40.828 [http-nio-8080-exec-1] INFO  [org.apache.tomcat.util.http.parser.Cookie:173] - A cookie header was received [1629591076,1629622441,1629679592] that contained an invalid cookie. That cookie will be ignored.
 Note: further occurrences of this error will be logged at DEBUG level.
2021-08-25 09:58:40.834 [http-nio-8080-exec-1] INFO  [org.apache.catalina.core.ContainerBase.[Tomcat].[localhost].[/]:173] - Initializing Spring DispatcherServlet 'dispatcherServlet'
2021-08-25 09:58:40.834 [http-nio-8080-exec-1] INFO  [org.springframework.web.servlet.DispatcherServlet:525] - Initializing Servlet 'dispatcherServlet'
2021-08-25 09:58:40.835 [http-nio-8080-exec-1] INFO  [org.springframework.web.servlet.DispatcherServlet:547] - Completed initialization in 1 ms
2021-08-25 09:58:40.916 [http-nio-8080-exec-1] INFO  [com.zaxxer.hikari.HikariDataSource:110] - HikariPool-1 - Starting...
2021-08-25 09:58:41.137 [http-nio-8080-exec-1] INFO  [com.zaxxer.hikari.HikariDataSource:123] - HikariPool-1 - Start completed.
