2021-08-28 15:03:48.901 [restartedMain] INFO  [com.crm.MyCrmApplication:55] - Starting MyCrmApplication using Java 1.8.0_162 on DESKTOP-2U2RKNE with PID 20876 (E:\Zzy\projects\myCrm\target\classes started by huyueying in E:\Zzy\projects\myCrm)
2021-08-28 15:03:48.916 [restartedMain] INFO  [com.crm.MyCrmApplication:659] - No active profile set, falling back to default profiles: default
2021-08-28 15:03:48.959 [restartedMain] INFO  [org.springframework.boot.devtools.env.DevToolsPropertyDefaultsPostProcessor:255] - Devtools property defaults active! Set 'spring.devtools.add-properties' to 'false' to disable
2021-08-28 15:03:48.960 [restartedMain] INFO  [org.springframework.boot.devtools.env.DevToolsPropertyDefaultsPostProcessor:255] - For additional web related logging consider setting the 'logging.level.web' property to 'DEBUG'
2021-08-28 15:03:50.668 [restartedMain] INFO  [org.springframework.boot.web.embedded.tomcat.TomcatWebServer:108] - Tomcat initialized with port(s): 8081 (http)
2021-08-28 15:03:50.687 [restartedMain] INFO  [org.apache.coyote.http11.Http11NioProtocol:173] - Initializing ProtocolHandler ["http-nio-8081"]
2021-08-28 15:03:50.687 [restartedMain] INFO  [org.apache.catalina.core.StandardService:173] - Starting service [Tomcat]
2021-08-28 15:03:50.688 [restartedMain] INFO  [org.apache.catalina.core.StandardEngine:173] - Starting Servlet engine: [Apache Tomcat/9.0.52]
2021-08-28 15:03:50.813 [restartedMain] INFO  [org.apache.catalina.core.ContainerBase.[Tomcat].[localhost].[/]:173] - Initializing Spring embedded WebApplicationContext
2021-08-28 15:03:50.814 [restartedMain] INFO  [org.springframework.boot.web.servlet.context.ServletWebServerApplicationContext:290] - Root WebApplicationContext: initialization completed in 1852 ms
2021-08-28 15:03:52.208 [restartedMain] INFO  [org.springframework.boot.devtools.autoconfigure.OptionalLiveReloadServer:58] - LiveReload server is running on port 35729
2021-08-28 15:03:52.230 [restartedMain] INFO  [org.apache.coyote.http11.Http11NioProtocol:173] - Starting ProtocolHandler ["http-nio-8081"]
2021-08-28 15:03:52.247 [restartedMain] INFO  [org.springframework.boot.web.embedded.tomcat.TomcatWebServer:220] - Tomcat started on port(s): 8081 (http) with context path ''
2021-08-28 15:03:52.257 [restartedMain] INFO  [com.crm.MyCrmApplication:61] - Started MyCrmApplication in 3.953 seconds (JVM running for 7.74)
2021-08-28 15:37:58.541 [restartedMain] INFO  [com.crm.MyCrmApplication:55] - Starting MyCrmApplication using Java 1.8.0_162 on DESKTOP-2U2RKNE with PID 1668 (E:\Zzy\projects\myCrm\target\classes started by huyueying in E:\Zzy\projects\myCrm)
2021-08-28 15:37:58.549 [restartedMain] INFO  [com.crm.MyCrmApplication:659] - No active profile set, falling back to default profiles: default
2021-08-28 15:37:58.588 [restartedMain] INFO  [org.springframework.boot.devtools.env.DevToolsPropertyDefaultsPostProcessor:255] - Devtools property defaults active! Set 'spring.devtools.add-properties' to 'false' to disable
2021-08-28 15:37:58.589 [restartedMain] INFO  [org.springframework.boot.devtools.env.DevToolsPropertyDefaultsPostProcessor:255] - For additional web related logging consider setting the 'logging.level.web' property to 'DEBUG'
2021-08-28 15:38:00.051 [restartedMain] INFO  [org.springframework.boot.web.embedded.tomcat.TomcatWebServer:108] - Tomcat initialized with port(s): 8081 (http)
2021-08-28 15:38:00.059 [restartedMain] INFO  [org.apache.coyote.http11.Http11NioProtocol:173] - Initializing ProtocolHandler ["http-nio-8081"]
2021-08-28 15:38:00.060 [restartedMain] INFO  [org.apache.catalina.core.StandardService:173] - Starting service [Tomcat]
2021-08-28 15:38:00.060 [restartedMain] INFO  [org.apache.catalina.core.StandardEngine:173] - Starting Servlet engine: [Apache Tomcat/9.0.52]
2021-08-28 15:38:00.170 [restartedMain] INFO  [org.apache.catalina.core.ContainerBase.[Tomcat].[localhost].[/]:173] - Initializing Spring embedded WebApplicationContext
2021-08-28 15:38:00.170 [restartedMain] INFO  [org.springframework.boot.web.servlet.context.ServletWebServerApplicationContext:290] - Root WebApplicationContext: initialization completed in 1581 ms
2021-08-28 15:38:01.322 [restartedMain] INFO  [org.springframework.boot.devtools.autoconfigure.OptionalLiveReloadServer:58] - LiveReload server is running on port 35729
2021-08-28 15:38:01.342 [restartedMain] INFO  [org.apache.coyote.http11.Http11NioProtocol:173] - Starting ProtocolHandler ["http-nio-8081"]
2021-08-28 15:38:01.358 [restartedMain] INFO  [org.springframework.boot.web.embedded.tomcat.TomcatWebServer:220] - Tomcat started on port(s): 8081 (http) with context path ''
2021-08-28 15:38:01.367 [restartedMain] INFO  [com.crm.MyCrmApplication:61] - Started MyCrmApplication in 3.312 seconds (JVM running for 7.027)
2021-08-28 15:39:24.959 [http-nio-8081-exec-1] INFO  [org.apache.catalina.core.ContainerBase.[Tomcat].[localhost].[/]:173] - Initializing Spring DispatcherServlet 'dispatcherServlet'
2021-08-28 15:39:24.959 [http-nio-8081-exec-1] INFO  [org.springframework.web.servlet.DispatcherServlet:525] - Initializing Servlet 'dispatcherServlet'
2021-08-28 15:39:24.961 [http-nio-8081-exec-1] INFO  [org.springframework.web.servlet.DispatcherServlet:547] - Completed initialization in 2 ms
2021-08-28 15:41:03.698 [restartedMain] INFO  [com.crm.MyCrmApplication:55] - Starting MyCrmApplication using Java 1.8.0_162 on DESKTOP-2U2RKNE with PID 25924 (E:\Zzy\projects\myCrm\target\classes started by huyueying in E:\Zzy\projects\myCrm)
2021-08-28 15:41:03.712 [restartedMain] INFO  [com.crm.MyCrmApplication:659] - No active profile set, falling back to default profiles: default
2021-08-28 15:41:03.772 [restartedMain] INFO  [org.springframework.boot.devtools.env.DevToolsPropertyDefaultsPostProcessor:255] - Devtools property defaults active! Set 'spring.devtools.add-properties' to 'false' to disable
2021-08-28 15:41:03.773 [restartedMain] INFO  [org.springframework.boot.devtools.env.DevToolsPropertyDefaultsPostProcessor:255] - For additional web related logging consider setting the 'logging.level.web' property to 'DEBUG'
2021-08-28 15:41:05.244 [restartedMain] INFO  [org.springframework.boot.web.embedded.tomcat.TomcatWebServer:108] - Tomcat initialized with port(s): 8081 (http)
2021-08-28 15:41:05.253 [restartedMain] INFO  [org.apache.coyote.http11.Http11NioProtocol:173] - Initializing ProtocolHandler ["http-nio-8081"]
2021-08-28 15:41:05.254 [restartedMain] INFO  [org.apache.catalina.core.StandardService:173] - Starting service [Tomcat]
2021-08-28 15:41:05.254 [restartedMain] INFO  [org.apache.catalina.core.StandardEngine:173] - Starting Servlet engine: [Apache Tomcat/9.0.52]
2021-08-28 15:41:05.369 [restartedMain] INFO  [org.apache.catalina.core.ContainerBase.[Tomcat].[localhost].[/]:173] - Initializing Spring embedded WebApplicationContext
2021-08-28 15:41:05.370 [restartedMain] INFO  [org.springframework.boot.web.servlet.context.ServletWebServerApplicationContext:290] - Root WebApplicationContext: initialization completed in 1596 ms
2021-08-28 15:41:06.532 [restartedMain] INFO  [org.springframework.boot.devtools.autoconfigure.OptionalLiveReloadServer:58] - LiveReload server is running on port 35729
2021-08-28 15:41:06.553 [restartedMain] INFO  [org.apache.coyote.http11.Http11NioProtocol:173] - Starting ProtocolHandler ["http-nio-8081"]
2021-08-28 15:41:06.570 [restartedMain] INFO  [org.springframework.boot.web.embedded.tomcat.TomcatWebServer:220] - Tomcat started on port(s): 8081 (http) with context path ''
2021-08-28 15:41:06.579 [restartedMain] INFO  [com.crm.MyCrmApplication:61] - Started MyCrmApplication in 3.42 seconds (JVM running for 6.122)
2021-08-28 15:41:11.453 [http-nio-8081-exec-1] INFO  [org.apache.catalina.core.ContainerBase.[Tomcat].[localhost].[/]:173] - Initializing Spring DispatcherServlet 'dispatcherServlet'
2021-08-28 15:41:11.454 [http-nio-8081-exec-1] INFO  [org.springframework.web.servlet.DispatcherServlet:525] - Initializing Servlet 'dispatcherServlet'
2021-08-28 15:41:11.456 [http-nio-8081-exec-1] INFO  [org.springframework.web.servlet.DispatcherServlet:547] - Completed initialization in 2 ms
2021-08-28 15:54:01.325 [restartedMain] INFO  [com.crm.MyCrmApplication:55] - Starting MyCrmApplication using Java 1.8.0_162 on DESKTOP-2U2RKNE with PID 28328 (E:\Zzy\projects\myCrm\target\classes started by huyueying in E:\Zzy\projects\myCrm)
2021-08-28 15:54:01.333 [restartedMain] INFO  [com.crm.MyCrmApplication:659] - No active profile set, falling back to default profiles: default
2021-08-28 15:54:01.372 [restartedMain] INFO  [org.springframework.boot.devtools.env.DevToolsPropertyDefaultsPostProcessor:255] - Devtools property defaults active! Set 'spring.devtools.add-properties' to 'false' to disable
2021-08-28 15:54:01.372 [restartedMain] INFO  [org.springframework.boot.devtools.env.DevToolsPropertyDefaultsPostProcessor:255] - For additional web related logging consider setting the 'logging.level.web' property to 'DEBUG'
2021-08-28 15:54:03.291 [restartedMain] INFO  [org.springframework.boot.web.embedded.tomcat.TomcatWebServer:108] - Tomcat initialized with port(s): 8081 (http)
2021-08-28 15:54:03.304 [restartedMain] INFO  [org.apache.coyote.http11.Http11NioProtocol:173] - Initializing ProtocolHandler ["http-nio-8081"]
2021-08-28 15:54:03.305 [restartedMain] INFO  [org.apache.catalina.core.StandardService:173] - Starting service [Tomcat]
2021-08-28 15:54:03.305 [restartedMain] INFO  [org.apache.catalina.core.StandardEngine:173] - Starting Servlet engine: [Apache Tomcat/9.0.52]
2021-08-28 15:54:03.436 [restartedMain] INFO  [org.apache.catalina.core.ContainerBase.[Tomcat].[localhost].[/]:173] - Initializing Spring embedded WebApplicationContext
2021-08-28 15:54:03.437 [restartedMain] INFO  [org.springframework.boot.web.servlet.context.ServletWebServerApplicationContext:290] - Root WebApplicationContext: initialization completed in 2064 ms
2021-08-28 15:54:04.682 [restartedMain] INFO  [org.springframework.boot.devtools.autoconfigure.OptionalLiveReloadServer:58] - LiveReload server is running on port 35729
2021-08-28 15:54:04.704 [restartedMain] INFO  [org.apache.coyote.http11.Http11NioProtocol:173] - Starting ProtocolHandler ["http-nio-8081"]
2021-08-28 15:54:04.722 [restartedMain] INFO  [org.springframework.boot.web.embedded.tomcat.TomcatWebServer:220] - Tomcat started on port(s): 8081 (http) with context path ''
2021-08-28 15:54:04.732 [restartedMain] INFO  [com.crm.MyCrmApplication:61] - Started MyCrmApplication in 3.87 seconds (JVM running for 6.519)
2021-08-28 15:54:13.113 [http-nio-8081-exec-1] INFO  [org.apache.catalina.core.ContainerBase.[Tomcat].[localhost].[/]:173] - Initializing Spring DispatcherServlet 'dispatcherServlet'
2021-08-28 15:54:13.113 [http-nio-8081-exec-1] INFO  [org.springframework.web.servlet.DispatcherServlet:525] - Initializing Servlet 'dispatcherServlet'
2021-08-28 15:54:13.114 [http-nio-8081-exec-1] INFO  [org.springframework.web.servlet.DispatcherServlet:547] - Completed initialization in 1 ms
2021-08-28 15:56:12.134 [restartedMain] INFO  [com.crm.MyCrmApplication:55] - Starting MyCrmApplication using Java 1.8.0_162 on DESKTOP-2U2RKNE with PID 8768 (E:\Zzy\projects\myCrm\target\classes started by huyueying in E:\Zzy\projects\myCrm)
2021-08-28 15:56:12.143 [restartedMain] INFO  [com.crm.MyCrmApplication:659] - No active profile set, falling back to default profiles: default
2021-08-28 15:56:12.185 [restartedMain] INFO  [org.springframework.boot.devtools.env.DevToolsPropertyDefaultsPostProcessor:255] - Devtools property defaults active! Set 'spring.devtools.add-properties' to 'false' to disable
2021-08-28 15:56:12.186 [restartedMain] INFO  [org.springframework.boot.devtools.env.DevToolsPropertyDefaultsPostProcessor:255] - For additional web related logging consider setting the 'logging.level.web' property to 'DEBUG'
2021-08-28 15:56:13.441 [restartedMain] INFO  [org.springframework.boot.web.embedded.tomcat.TomcatWebServer:108] - Tomcat initialized with port(s): 8081 (http)
2021-08-28 15:56:13.452 [restartedMain] INFO  [org.apache.coyote.http11.Http11NioProtocol:173] - Initializing ProtocolHandler ["http-nio-8081"]
2021-08-28 15:56:13.452 [restartedMain] INFO  [org.apache.catalina.core.StandardService:173] - Starting service [Tomcat]
2021-08-28 15:56:13.452 [restartedMain] INFO  [org.apache.catalina.core.StandardEngine:173] - Starting Servlet engine: [Apache Tomcat/9.0.52]
2021-08-28 15:56:13.570 [restartedMain] INFO  [org.apache.catalina.core.ContainerBase.[Tomcat].[localhost].[/]:173] - Initializing Spring embedded WebApplicationContext
2021-08-28 15:56:13.570 [restartedMain] INFO  [org.springframework.boot.web.servlet.context.ServletWebServerApplicationContext:290] - Root WebApplicationContext: initialization completed in 1384 ms
2021-08-28 15:56:14.703 [restartedMain] INFO  [org.springframework.boot.devtools.autoconfigure.OptionalLiveReloadServer:58] - LiveReload server is running on port 35729
2021-08-28 15:56:14.726 [restartedMain] INFO  [org.apache.coyote.http11.Http11NioProtocol:173] - Starting ProtocolHandler ["http-nio-8081"]
2021-08-28 15:56:14.745 [restartedMain] INFO  [org.springframework.boot.web.embedded.tomcat.TomcatWebServer:220] - Tomcat started on port(s): 8081 (http) with context path ''
2021-08-28 15:56:14.755 [restartedMain] INFO  [com.crm.MyCrmApplication:61] - Started MyCrmApplication in 3.084 seconds (JVM running for 6.117)
2021-08-28 15:57:44.780 [http-nio-8081-exec-1] INFO  [org.apache.tomcat.util.http.parser.Cookie:173] - A cookie header was received [1630034044,1630046836,1630113875; Hm_lpvt_eaa57ca47dacb4ad4f5a257001a3457c=1630137463] that contained an invalid cookie. That cookie will be ignored.
 Note: further occurrences of this error will be logged at DEBUG level.
2021-08-28 15:57:44.786 [http-nio-8081-exec-1] INFO  [org.apache.catalina.core.ContainerBase.[Tomcat].[localhost].[/]:173] - Initializing Spring DispatcherServlet 'dispatcherServlet'
2021-08-28 15:57:44.786 [http-nio-8081-exec-1] INFO  [org.springframework.web.servlet.DispatcherServlet:525] - Initializing Servlet 'dispatcherServlet'
2021-08-28 15:57:44.787 [http-nio-8081-exec-1] INFO  [org.springframework.web.servlet.DispatcherServlet:547] - Completed initialization in 1 ms
2021-08-28 15:57:44.805 [http-nio-8081-exec-1] WARN  [org.springframework.web.servlet.mvc.support.DefaultHandlerExceptionResolver:207] - Resolved [org.springframework.web.HttpRequestMethodNotSupportedException: Request method 'GET' not supported]
2021-08-28 15:58:16.279 [http-nio-8081-exec-5] ERROR [com.crm.common.util.exception.GlobalExceptionHandler:47] - 运行时异常----------{}org.springframework.http.converter.HttpMessageNotReadableException: Required request body is missing: public com.crm.common.util.result.Result com.crm.controller.LoginController.empLogin(com.crm.entity.Test)
2021-08-28 15:58:16.326 [http-nio-8081-exec-5] WARN  [org.springframework.web.servlet.mvc.method.annotation.ExceptionHandlerExceptionResolver:207] - Resolved [org.springframework.http.converter.HttpMessageNotReadableException: Required request body is missing: public com.crm.common.util.result.Result com.crm.controller.LoginController.empLogin(com.crm.entity.Test)]
2021-08-28 15:58:28.029 [http-nio-8081-exec-7] ERROR [com.crm.common.util.exception.GlobalExceptionHandler:47] - 运行时异常----------{}org.springframework.http.converter.HttpMessageNotReadableException: Required request body is missing: public com.crm.common.util.result.Result com.crm.controller.LoginController.empLogin(com.crm.entity.Test)
2021-08-28 15:58:28.032 [http-nio-8081-exec-7] WARN  [org.springframework.web.servlet.mvc.method.annotation.ExceptionHandlerExceptionResolver:207] - Resolved [org.springframework.http.converter.HttpMessageNotReadableException: Required request body is missing: public com.crm.common.util.result.Result com.crm.controller.LoginController.empLogin(com.crm.entity.Test)]
2021-08-28 15:58:56.837 [restartedMain] INFO  [com.crm.MyCrmApplication:55] - Starting MyCrmApplication using Java 1.8.0_162 on DESKTOP-2U2RKNE with PID 27060 (E:\Zzy\projects\myCrm\target\classes started by huyueying in E:\Zzy\projects\myCrm)
2021-08-28 15:58:56.845 [restartedMain] INFO  [com.crm.MyCrmApplication:659] - No active profile set, falling back to default profiles: default
2021-08-28 15:58:56.883 [restartedMain] INFO  [org.springframework.boot.devtools.env.DevToolsPropertyDefaultsPostProcessor:255] - Devtools property defaults active! Set 'spring.devtools.add-properties' to 'false' to disable
2021-08-28 15:58:56.884 [restartedMain] INFO  [org.springframework.boot.devtools.env.DevToolsPropertyDefaultsPostProcessor:255] - For additional web related logging consider setting the 'logging.level.web' property to 'DEBUG'
2021-08-28 15:58:58.112 [restartedMain] INFO  [org.springframework.boot.web.embedded.tomcat.TomcatWebServer:108] - Tomcat initialized with port(s): 8081 (http)
2021-08-28 15:58:58.121 [restartedMain] INFO  [org.apache.coyote.http11.Http11NioProtocol:173] - Initializing ProtocolHandler ["http-nio-8081"]
2021-08-28 15:58:58.122 [restartedMain] INFO  [org.apache.catalina.core.StandardService:173] - Starting service [Tomcat]
2021-08-28 15:58:58.122 [restartedMain] INFO  [org.apache.catalina.core.StandardEngine:173] - Starting Servlet engine: [Apache Tomcat/9.0.52]
2021-08-28 15:58:58.247 [restartedMain] INFO  [org.apache.catalina.core.ContainerBase.[Tomcat].[localhost].[/]:173] - Initializing Spring embedded WebApplicationContext
2021-08-28 15:58:58.248 [restartedMain] INFO  [org.springframework.boot.web.servlet.context.ServletWebServerApplicationContext:290] - Root WebApplicationContext: initialization completed in 1364 ms
2021-08-28 15:58:59.539 [restartedMain] INFO  [org.springframework.boot.devtools.autoconfigure.OptionalLiveReloadServer:58] - LiveReload server is running on port 35729
2021-08-28 15:58:59.560 [restartedMain] INFO  [org.apache.coyote.http11.Http11NioProtocol:173] - Starting ProtocolHandler ["http-nio-8081"]
2021-08-28 15:58:59.576 [restartedMain] INFO  [org.springframework.boot.web.embedded.tomcat.TomcatWebServer:220] - Tomcat started on port(s): 8081 (http) with context path ''
2021-08-28 15:58:59.585 [restartedMain] INFO  [com.crm.MyCrmApplication:61] - Started MyCrmApplication in 3.175 seconds (JVM running for 5.518)
2021-08-28 15:59:25.590 [http-nio-8081-exec-1] INFO  [org.apache.tomcat.util.http.parser.Cookie:173] - A cookie header was received [1630034044,1630046836,1630113875; Hm_lpvt_eaa57ca47dacb4ad4f5a257001a3457c=1630137463] that contained an invalid cookie. That cookie will be ignored.
 Note: further occurrences of this error will be logged at DEBUG level.
2021-08-28 15:59:25.599 [http-nio-8081-exec-1] INFO  [org.apache.catalina.core.ContainerBase.[Tomcat].[localhost].[/]:173] - Initializing Spring DispatcherServlet 'dispatcherServlet'
2021-08-28 15:59:25.599 [http-nio-8081-exec-1] INFO  [org.springframework.web.servlet.DispatcherServlet:525] - Initializing Servlet 'dispatcherServlet'
2021-08-28 15:59:25.600 [http-nio-8081-exec-1] INFO  [org.springframework.web.servlet.DispatcherServlet:547] - Completed initialization in 1 ms
2021-08-28 15:59:25.631 [http-nio-8081-exec-1] ERROR [com.crm.common.util.exception.GlobalExceptionHandler:47] - 运行时异常----------{}org.springframework.http.converter.HttpMessageNotReadableException: Required request body is missing: public com.crm.common.util.result.Result com.crm.controller.LoginController.empLogin(com.crm.entity.Test)
2021-08-28 15:59:25.683 [http-nio-8081-exec-1] WARN  [org.springframework.web.servlet.mvc.method.annotation.ExceptionHandlerExceptionResolver:207] - Resolved [org.springframework.http.converter.HttpMessageNotReadableException: Required request body is missing: public com.crm.common.util.result.Result com.crm.controller.LoginController.empLogin(com.crm.entity.Test)]
