2021-08-29 19:02:42.749 [HikariPool-1 housekeeper] WARN  [com.zaxxer.hikari.pool.HikariPool:788] - HikariPool-1 - Thread starvation or clock leap detected (housekeeper delta=2m3s982ms288µs600ns).
2021-08-29 19:03:39.111 [http-nio-8081-exec-2] ERROR [com.crm.common.util.exception.GlobalExceptionHandler:47] - 运行时异常----------{}org.springframework.jdbc.BadSqlGrammarException: 
### Error querying database.  Cause: java.sql.SQLSyntaxErrorException: You have an error in your SQL syntax; check the manual that corresponds to your MySQL server version for the right syntax to use near '))' at line 3
### The error may exist in com/crm/mapper/RoleMapper.java (best guess)
### The error may involve defaultParameterMap
### The error occurred while setting parameters
### SQL: SELECT  roleid,rname,description,status  FROM role     WHERE (roleid IN ())
### Cause: java.sql.SQLSyntaxErrorException: You have an error in your SQL syntax; check the manual that corresponds to your MySQL server version for the right syntax to use near '))' at line 3
; bad SQL grammar []; nested exception is java.sql.SQLSyntaxErrorException: You have an error in your SQL syntax; check the manual that corresponds to your MySQL server version for the right syntax to use near '))' at line 3
2021-08-29 19:03:39.119 [http-nio-8081-exec-2] WARN  [org.springframework.web.servlet.mvc.method.annotation.ExceptionHandlerExceptionResolver:207] - Resolved [org.springframework.jdbc.BadSqlGrammarException: 
### Error querying database.  Cause: java.sql.SQLSyntaxErrorException: You have an error in your SQL syntax; check the manual that corresponds to your MySQL server version for the right syntax to use near '))' at line 3
### The error may exist in com/crm/mapper/RoleMapper.java (best guess)
### The error may involve defaultParameterMap
### The error occurred while setting parameters
### SQL: SELECT  roleid,rname,description,status  FROM role     WHERE (roleid IN ())
### Cause: java.sql.SQLSyntaxErrorException: You have an error in your SQL syntax; check the manual that corresponds to your MySQL server version for the right syntax to use near '))' at line 3
; bad SQL grammar []; nested exception is java.sql.SQLSyntaxErrorException: You have an error in your SQL syntax; check the manual that corresponds to your MySQL server version for the right syntax to use near '))' at line 3]
2021-08-29 19:07:22.099 [HikariPool-1 housekeeper] WARN  [com.zaxxer.hikari.pool.HikariPool:788] - HikariPool-1 - Thread starvation or clock leap detected (housekeeper delta=46s209ms33µs300ns).
2021-08-29 19:09:38.877 [HikariPool-1 housekeeper] WARN  [com.zaxxer.hikari.pool.HikariPool:788] - HikariPool-1 - Thread starvation or clock leap detected (housekeeper delta=1m4s872ms295µs300ns).
2021-08-29 19:09:50.520 [http-nio-8081-exec-3] ERROR [com.crm.common.util.exception.GlobalExceptionHandler:47] - 运行时异常----------{}org.springframework.jdbc.BadSqlGrammarException: 
### Error querying database.  Cause: java.sql.SQLSyntaxErrorException: You have an error in your SQL syntax; check the manual that corresponds to your MySQL server version for the right syntax to use near '))' at line 3
### The error may exist in com/crm/mapper/RoleMapper.java (best guess)
### The error may involve defaultParameterMap
### The error occurred while setting parameters
### SQL: SELECT  roleid,rname,description,status  FROM role     WHERE (roleid IN ())
### Cause: java.sql.SQLSyntaxErrorException: You have an error in your SQL syntax; check the manual that corresponds to your MySQL server version for the right syntax to use near '))' at line 3
; bad SQL grammar []; nested exception is java.sql.SQLSyntaxErrorException: You have an error in your SQL syntax; check the manual that corresponds to your MySQL server version for the right syntax to use near '))' at line 3
2021-08-29 19:09:50.521 [http-nio-8081-exec-3] WARN  [org.springframework.web.servlet.mvc.method.annotation.ExceptionHandlerExceptionResolver:207] - Resolved [org.springframework.jdbc.BadSqlGrammarException: 
### Error querying database.  Cause: java.sql.SQLSyntaxErrorException: You have an error in your SQL syntax; check the manual that corresponds to your MySQL server version for the right syntax to use near '))' at line 3
### The error may exist in com/crm/mapper/RoleMapper.java (best guess)
### The error may involve defaultParameterMap
### The error occurred while setting parameters
### SQL: SELECT  roleid,rname,description,status  FROM role     WHERE (roleid IN ())
### Cause: java.sql.SQLSyntaxErrorException: You have an error in your SQL syntax; check the manual that corresponds to your MySQL server version for the right syntax to use near '))' at line 3
; bad SQL grammar []; nested exception is java.sql.SQLSyntaxErrorException: You have an error in your SQL syntax; check the manual that corresponds to your MySQL server version for the right syntax to use near '))' at line 3]
