2021-08-29 18:32:15.437 [restartedMain] INFO  [com.crm.MyCrmApplication:55] - Starting MyCrmApplication using Java 1.8.0_162 on DESKTOP-2U2RKNE with PID 29828 (E:\Zzy\projects\myCrm\target\classes started by huyueying in E:\Zzy\projects\myCrm)
2021-08-29 18:32:15.451 [restartedMain] INFO  [com.crm.MyCrmApplication:659] - No active profile set, falling back to default profiles: default
2021-08-29 18:32:15.490 [restartedMain] INFO  [org.springframework.boot.devtools.env.DevToolsPropertyDefaultsPostProcessor:255] - Devtools property defaults active! Set 'spring.devtools.add-properties' to 'false' to disable
2021-08-29 18:32:15.490 [restartedMain] INFO  [org.springframework.boot.devtools.env.DevToolsPropertyDefaultsPostProcessor:255] - For additional web related logging consider setting the 'logging.level.web' property to 'DEBUG'
2021-08-29 18:32:17.004 [restartedMain] INFO  [org.springframework.boot.web.embedded.tomcat.TomcatWebServer:108] - Tomcat initialized with port(s): 8081 (http)
2021-08-29 18:32:17.013 [restartedMain] INFO  [org.apache.coyote.http11.Http11NioProtocol:173] - Initializing ProtocolHandler ["http-nio-8081"]
2021-08-29 18:32:17.014 [restartedMain] INFO  [org.apache.catalina.core.StandardService:173] - Starting service [Tomcat]
2021-08-29 18:32:17.014 [restartedMain] INFO  [org.apache.catalina.core.StandardEngine:173] - Starting Servlet engine: [Apache Tomcat/9.0.52]
2021-08-29 18:32:17.130 [restartedMain] INFO  [org.apache.catalina.core.ContainerBase.[Tomcat].[localhost].[/]:173] - Initializing Spring embedded WebApplicationContext
2021-08-29 18:32:17.130 [restartedMain] INFO  [org.springframework.boot.web.servlet.context.ServletWebServerApplicationContext:290] - Root WebApplicationContext: initialization completed in 1639 ms
2021-08-29 18:32:18.487 [restartedMain] INFO  [org.springframework.boot.devtools.autoconfigure.OptionalLiveReloadServer:58] - LiveReload server is running on port 35729
2021-08-29 18:32:18.508 [restartedMain] INFO  [org.apache.coyote.http11.Http11NioProtocol:173] - Starting ProtocolHandler ["http-nio-8081"]
2021-08-29 18:32:18.526 [restartedMain] INFO  [org.springframework.boot.web.embedded.tomcat.TomcatWebServer:220] - Tomcat started on port(s): 8081 (http) with context path ''
2021-08-29 18:32:18.536 [restartedMain] INFO  [com.crm.MyCrmApplication:61] - Started MyCrmApplication in 3.612 seconds (JVM running for 7.478)
2021-08-29 18:34:05.765 [http-nio-8081-exec-1] INFO  [org.apache.catalina.core.ContainerBase.[Tomcat].[localhost].[/]:173] - Initializing Spring DispatcherServlet 'dispatcherServlet'
2021-08-29 18:34:05.765 [http-nio-8081-exec-1] INFO  [org.springframework.web.servlet.DispatcherServlet:525] - Initializing Servlet 'dispatcherServlet'
2021-08-29 18:34:05.766 [http-nio-8081-exec-1] INFO  [org.springframework.web.servlet.DispatcherServlet:547] - Completed initialization in 1 ms
2021-08-29 18:34:05.946 [http-nio-8081-exec-2] INFO  [com.zaxxer.hikari.HikariDataSource:110] - HikariPool-1 - Starting...
2021-08-29 18:34:06.314 [http-nio-8081-exec-2] INFO  [com.zaxxer.hikari.HikariDataSource:123] - HikariPool-1 - Start completed.
2021-08-29 18:35:06.277 [http-nio-8081-exec-6] ERROR [com.crm.common.util.exception.GlobalExceptionHandler:47] - 运行时异常----------{}org.springframework.http.converter.HttpMessageNotReadableException: Required request body is missing: public com.crm.common.util.result.Result com.crm.controller.EmpController.selectSystemUserManage(java.lang.Integer,com.crm.vo.SystemUserManageVo)
2021-08-29 18:35:06.302 [http-nio-8081-exec-6] WARN  [org.springframework.web.servlet.mvc.method.annotation.ExceptionHandlerExceptionResolver:207] - Resolved [org.springframework.http.converter.HttpMessageNotReadableException: Required request body is missing: public com.crm.common.util.result.Result com.crm.controller.EmpController.selectSystemUserManage(java.lang.Integer,com.crm.vo.SystemUserManageVo)]
2021-08-29 18:35:19.628 [http-nio-8081-exec-8] ERROR [com.crm.common.util.exception.GlobalExceptionHandler:47] - 运行时异常----------{}org.springframework.http.converter.HttpMessageNotReadableException: Required request body is missing: public com.crm.common.util.result.Result com.crm.controller.EmpController.selectSystemUserManage(java.lang.Integer,com.crm.vo.SystemUserManageVo)
2021-08-29 18:35:19.631 [http-nio-8081-exec-8] WARN  [org.springframework.web.servlet.mvc.method.annotation.ExceptionHandlerExceptionResolver:207] - Resolved [org.springframework.http.converter.HttpMessageNotReadableException: Required request body is missing: public com.crm.common.util.result.Result com.crm.controller.EmpController.selectSystemUserManage(java.lang.Integer,com.crm.vo.SystemUserManageVo)]
2021-08-29 18:35:34.269 [http-nio-8081-exec-9] INFO  [org.apache.tomcat.util.http.parser.Cookie:173] - A cookie header was received [1630205412,1630207537,1630218804; Hm_lpvt_eaa57ca47dacb4ad4f5a257001a3457c=1630233317] that contained an invalid cookie. That cookie will be ignored.
 Note: further occurrences of this error will be logged at DEBUG level.
2021-08-29 18:35:34.273 [http-nio-8081-exec-9] ERROR [com.crm.common.util.exception.GlobalExceptionHandler:47] - 运行时异常----------{}org.springframework.http.converter.HttpMessageNotReadableException: Required request body is missing: public com.crm.common.util.result.Result com.crm.controller.EmpController.selectSystemUserManage(java.lang.Integer,com.crm.vo.SystemUserManageVo)
2021-08-29 18:35:34.277 [http-nio-8081-exec-9] WARN  [org.springframework.web.servlet.mvc.method.annotation.ExceptionHandlerExceptionResolver:207] - Resolved [org.springframework.http.converter.HttpMessageNotReadableException: Required request body is missing: public com.crm.common.util.result.Result com.crm.controller.EmpController.selectSystemUserManage(java.lang.Integer,com.crm.vo.SystemUserManageVo)]
2021-08-29 18:35:57.627 [http-nio-8081-exec-3] ERROR [com.crm.common.util.exception.GlobalExceptionHandler:47] - 运行时异常----------{}org.springframework.http.converter.HttpMessageNotReadableException: Required request body is missing: public com.crm.common.util.result.Result com.crm.controller.EmpController.selectSystemUserManage(java.lang.Integer,com.crm.vo.SystemUserManageVo)
2021-08-29 18:35:57.631 [http-nio-8081-exec-3] WARN  [org.springframework.web.servlet.mvc.method.annotation.ExceptionHandlerExceptionResolver:207] - Resolved [org.springframework.http.converter.HttpMessageNotReadableException: Required request body is missing: public com.crm.common.util.result.Result com.crm.controller.EmpController.selectSystemUserManage(java.lang.Integer,com.crm.vo.SystemUserManageVo)]
2021-08-29 18:37:07.652 [SpringApplicationShutdownHook] INFO  [com.zaxxer.hikari.HikariDataSource:350] - HikariPool-1 - Shutdown initiated...
2021-08-29 18:37:07.663 [SpringApplicationShutdownHook] INFO  [com.zaxxer.hikari.HikariDataSource:352] - HikariPool-1 - Shutdown completed.
2021-08-29 18:37:18.080 [restartedMain] INFO  [com.crm.MyCrmApplication:55] - Starting MyCrmApplication using Java 1.8.0_162 on DESKTOP-2U2RKNE with PID 26720 (E:\Zzy\projects\myCrm\target\classes started by huyueying in E:\Zzy\projects\myCrm)
2021-08-29 18:37:18.090 [restartedMain] INFO  [com.crm.MyCrmApplication:659] - No active profile set, falling back to default profiles: default
2021-08-29 18:37:18.131 [restartedMain] INFO  [org.springframework.boot.devtools.env.DevToolsPropertyDefaultsPostProcessor:255] - Devtools property defaults active! Set 'spring.devtools.add-properties' to 'false' to disable
2021-08-29 18:37:18.131 [restartedMain] INFO  [org.springframework.boot.devtools.env.DevToolsPropertyDefaultsPostProcessor:255] - For additional web related logging consider setting the 'logging.level.web' property to 'DEBUG'
2021-08-29 18:37:19.561 [restartedMain] INFO  [org.springframework.boot.web.embedded.tomcat.TomcatWebServer:108] - Tomcat initialized with port(s): 8081 (http)
2021-08-29 18:37:19.570 [restartedMain] INFO  [org.apache.coyote.http11.Http11NioProtocol:173] - Initializing ProtocolHandler ["http-nio-8081"]
2021-08-29 18:37:19.570 [restartedMain] INFO  [org.apache.catalina.core.StandardService:173] - Starting service [Tomcat]
2021-08-29 18:37:19.571 [restartedMain] INFO  [org.apache.catalina.core.StandardEngine:173] - Starting Servlet engine: [Apache Tomcat/9.0.52]
2021-08-29 18:37:19.835 [restartedMain] INFO  [org.apache.catalina.core.ContainerBase.[Tomcat].[localhost].[/]:173] - Initializing Spring embedded WebApplicationContext
2021-08-29 18:37:19.835 [restartedMain] INFO  [org.springframework.boot.web.servlet.context.ServletWebServerApplicationContext:290] - Root WebApplicationContext: initialization completed in 1703 ms
2021-08-29 18:37:21.707 [restartedMain] INFO  [org.springframework.boot.devtools.autoconfigure.OptionalLiveReloadServer:58] - LiveReload server is running on port 35729
2021-08-29 18:37:21.728 [restartedMain] INFO  [org.apache.coyote.http11.Http11NioProtocol:173] - Starting ProtocolHandler ["http-nio-8081"]
2021-08-29 18:37:21.745 [restartedMain] INFO  [org.springframework.boot.web.embedded.tomcat.TomcatWebServer:220] - Tomcat started on port(s): 8081 (http) with context path ''
2021-08-29 18:37:21.754 [restartedMain] INFO  [com.crm.MyCrmApplication:61] - Started MyCrmApplication in 4.171 seconds (JVM running for 6.893)
2021-08-29 18:38:13.854 [http-nio-8081-exec-1] INFO  [org.apache.catalina.core.ContainerBase.[Tomcat].[localhost].[/]:173] - Initializing Spring DispatcherServlet 'dispatcherServlet'
2021-08-29 18:38:13.854 [http-nio-8081-exec-1] INFO  [org.springframework.web.servlet.DispatcherServlet:525] - Initializing Servlet 'dispatcherServlet'
2021-08-29 18:38:13.855 [http-nio-8081-exec-1] INFO  [org.springframework.web.servlet.DispatcherServlet:547] - Completed initialization in 1 ms
2021-08-29 18:38:13.972 [http-nio-8081-exec-1] INFO  [com.zaxxer.hikari.HikariDataSource:110] - HikariPool-1 - Starting...
2021-08-29 18:38:14.142 [http-nio-8081-exec-1] INFO  [com.zaxxer.hikari.HikariDataSource:123] - HikariPool-1 - Start completed.
2021-08-29 18:38:52.156 [SpringApplicationShutdownHook] INFO  [com.zaxxer.hikari.HikariDataSource:350] - HikariPool-1 - Shutdown initiated...
2021-08-29 18:38:52.179 [SpringApplicationShutdownHook] INFO  [com.zaxxer.hikari.HikariDataSource:352] - HikariPool-1 - Shutdown completed.
