2021-08-27 11:08:56.726 [restartedMain] WARN  [org.springframework.boot.web.servlet.context.AnnotationConfigServletWebServerApplicationContext:591] - Exception encountered during context initialization - cancelling refresh attempt: org.springframework.context.ApplicationContextException: Failed to start bean 'webServerStartStop'; nested exception is org.springframework.boot.web.server.PortInUseException: Port 8081 is already in use
2021-08-27 11:08:56.765 [restartedMain] ERROR [org.springframework.boot.diagnostics.LoggingFailureAnalysisReporter:40] - 

***************************
APPLICATION FAILED TO START
***************************

Description:

Web server failed to start. Port 8081 was already in use.

Action:

Identify and stop the process that's listening on port 8081 or configure this application to listen on another port.

2021-08-27 11:18:21.929 [http-nio-8081-exec-1] ERROR [com.crm.common.util.exception.GlobalExceptionHandler:58] - Assert断言异常--AccountController--------{}java.lang.IllegalArgumentException: When allowCredentials is true, allowedOrigins cannot contain the special value "*" since that cannot be set on the "Access-Control-Allow-Origin" response header. To allow credentials to a set of origins, list them explicitly or consider using "allowedOriginPatterns" instead.
2021-08-27 11:18:22.020 [http-nio-8081-exec-1] WARN  [org.springframework.web.servlet.mvc.method.annotation.ExceptionHandlerExceptionResolver:207] - Resolved [java.lang.IllegalArgumentException: When allowCredentials is true, allowedOrigins cannot contain the special value "*" since that cannot be set on the "Access-Control-Allow-Origin" response header. To allow credentials to a set of origins, list them explicitly or consider using "allowedOriginPatterns" instead.]
2021-08-27 11:19:33.265 [http-nio-8081-exec-1] ERROR [com.crm.common.util.exception.GlobalExceptionHandler:58] - Assert断言异常--AccountController--------{}java.lang.IllegalArgumentException: When allowCredentials is true, allowedOrigins cannot contain the special value "*" since that cannot be set on the "Access-Control-Allow-Origin" response header. To allow credentials to a set of origins, list them explicitly or consider using "allowedOriginPatterns" instead.
2021-08-27 11:19:33.320 [http-nio-8081-exec-1] WARN  [org.springframework.web.servlet.mvc.method.annotation.ExceptionHandlerExceptionResolver:207] - Resolved [java.lang.IllegalArgumentException: When allowCredentials is true, allowedOrigins cannot contain the special value "*" since that cannot be set on the "Access-Control-Allow-Origin" response header. To allow credentials to a set of origins, list them explicitly or consider using "allowedOriginPatterns" instead.]
2021-08-27 11:21:41.629 [http-nio-8081-exec-1] ERROR [com.crm.common.util.exception.GlobalExceptionHandler:58] - Assert断言异常--AccountController--------{}java.lang.IllegalArgumentException: When allowCredentials is true, allowedOrigins cannot contain the special value "*" since that cannot be set on the "Access-Control-Allow-Origin" response header. To allow credentials to a set of origins, list them explicitly or consider using "allowedOriginPatterns" instead.
2021-08-27 11:21:41.687 [http-nio-8081-exec-1] WARN  [org.springframework.web.servlet.mvc.method.annotation.ExceptionHandlerExceptionResolver:207] - Resolved [java.lang.IllegalArgumentException: When allowCredentials is true, allowedOrigins cannot contain the special value "*" since that cannot be set on the "Access-Control-Allow-Origin" response header. To allow credentials to a set of origins, list them explicitly or consider using "allowedOriginPatterns" instead.]
2021-08-27 11:23:31.848 [http-nio-8081-exec-1] ERROR [com.crm.common.util.exception.GlobalExceptionHandler:58] - Assert断言异常--AccountController--------{}java.lang.IllegalArgumentException: When allowCredentials is true, allowedOrigins cannot contain the special value "*" since that cannot be set on the "Access-Control-Allow-Origin" response header. To allow credentials to a set of origins, list them explicitly or consider using "allowedOriginPatterns" instead.
2021-08-27 11:23:31.912 [http-nio-8081-exec-1] WARN  [org.springframework.web.servlet.mvc.method.annotation.ExceptionHandlerExceptionResolver:207] - Resolved [java.lang.IllegalArgumentException: When allowCredentials is true, allowedOrigins cannot contain the special value "*" since that cannot be set on the "Access-Control-Allow-Origin" response header. To allow credentials to a set of origins, list them explicitly or consider using "allowedOriginPatterns" instead.]
2021-08-27 11:25:08.951 [http-nio-8081-exec-3] ERROR [com.crm.common.util.exception.GlobalExceptionHandler:58] - Assert断言异常--AccountController--------{}java.lang.IllegalArgumentException: When allowCredentials is true, allowedOrigins cannot contain the special value "*" since that cannot be set on the "Access-Control-Allow-Origin" response header. To allow credentials to a set of origins, list them explicitly or consider using "allowedOriginPatterns" instead.
2021-08-27 11:25:09.006 [http-nio-8081-exec-3] WARN  [org.springframework.web.servlet.mvc.method.annotation.ExceptionHandlerExceptionResolver:207] - Resolved [java.lang.IllegalArgumentException: When allowCredentials is true, allowedOrigins cannot contain the special value "*" since that cannot be set on the "Access-Control-Allow-Origin" response header. To allow credentials to a set of origins, list them explicitly or consider using "allowedOriginPatterns" instead.]
2021-08-27 11:43:57.353 [http-nio-8081-exec-1] WARN  [org.springframework.web.servlet.mvc.support.DefaultHandlerExceptionResolver:207] - Resolved [org.springframework.web.bind.MissingServletRequestParameterException: Required request parameter 'oNameList' for method parameter type List is not present]
2021-08-27 11:44:31.926 [http-nio-8081-exec-2] WARN  [org.springframework.web.servlet.mvc.support.DefaultHandlerExceptionResolver:207] - Resolved [org.springframework.web.bind.MissingServletRequestParameterException: Required request parameter 'oNameList' for method parameter type List is not present]
2021-08-27 11:46:05.397 [http-nio-8081-exec-3] WARN  [org.springframework.web.servlet.mvc.support.DefaultHandlerExceptionResolver:207] - Resolved [org.springframework.web.bind.MissingServletRequestParameterException: Required request parameter 'oNameList' for method parameter type List is not present]
2021-08-27 11:46:32.123 [http-nio-8081-exec-5] WARN  [org.springframework.web.servlet.mvc.support.DefaultHandlerExceptionResolver:207] - Resolved [org.springframework.web.bind.MissingServletRequestParameterException: Required request parameter 'oNameList' for method parameter type List is not present]
2021-08-27 11:50:44.332 [http-nio-8081-exec-1] WARN  [org.springframework.web.servlet.mvc.support.DefaultHandlerExceptionResolver:207] - Resolved [org.springframework.web.bind.MissingServletRequestParameterException: Required request parameter 'oNameList' for method parameter type List is not present]
2021-08-27 11:52:49.764 [http-nio-8081-exec-1] WARN  [org.springframework.web.servlet.mvc.support.DefaultHandlerExceptionResolver:207] - Resolved [org.springframework.web.bind.MissingServletRequestParameterException: Required request parameter 'oNameList' for method parameter type List is not present]
2021-08-27 11:53:21.534 [http-nio-8081-exec-2] WARN  [org.springframework.web.servlet.mvc.support.DefaultHandlerExceptionResolver:207] - Resolved [org.springframework.web.bind.MissingServletRequestParameterException: Required request parameter 'oNameList' for method parameter type List is not present]
2021-08-27 11:54:00.016 [http-nio-8081-exec-1] WARN  [org.springframework.web.servlet.mvc.support.DefaultHandlerExceptionResolver:207] - Resolved [org.springframework.web.bind.MissingServletRequestParameterException: Required request parameter 'oNameList' for method parameter type List is not present]
2021-08-27 11:55:26.956 [http-nio-8081-exec-1] WARN  [org.springframework.web.servlet.mvc.support.DefaultHandlerExceptionResolver:207] - Resolved [org.springframework.web.bind.MissingServletRequestParameterException: Required request parameter 'test' for method parameter type Test is not present]
2021-08-27 11:56:29.037 [http-nio-8081-exec-1] WARN  [org.springframework.web.servlet.mvc.support.DefaultHandlerExceptionResolver:207] - Resolved [org.springframework.web.bind.MissingServletRequestParameterException: Required request parameter 'test' for method parameter type Test is not present]
