2021-08-26 14:24:35.132 [Thread-12] INFO  [com.zaxxer.hikari.HikariDataSource:350] - HikariPool-1 - Shutdown initiated...
2021-08-26 14:24:35.154 [Thread-12] INFO  [com.zaxxer.hikari.HikariDataSource:352] - HikariPool-1 - Shutdown completed.
2021-08-26 14:24:35.608 [restartedMain] INFO  [com.crm.MyCrmApplication:55] - Starting MyCrmApplication using Java 1.8.0_162 on DESKTOP-2U2RKNE with PID 50584 (E:\Zzy\projects\myCrm\target\classes started by huyueying in E:\Zzy\projects\myCrm)
2021-08-26 14:24:35.609 [restartedMain] INFO  [com.crm.MyCrmApplication:659] - No active profile set, falling back to default profiles: default
2021-08-26 14:24:36.282 [restartedMain] INFO  [org.springframework.boot.web.embedded.tomcat.TomcatWebServer:108] - Tomcat initialized with port(s): 8080 (http)
2021-08-26 14:24:36.283 [restartedMain] INFO  [org.apache.coyote.http11.Http11NioProtocol:173] - Initializing ProtocolHandler ["http-nio-8080"]
2021-08-26 14:24:36.283 [restartedMain] INFO  [org.apache.catalina.core.StandardService:173] - Starting service [Tomcat]
2021-08-26 14:24:36.283 [restartedMain] INFO  [org.apache.catalina.core.StandardEngine:173] - Starting Servlet engine: [Apache Tomcat/9.0.52]
2021-08-26 14:24:36.339 [restartedMain] INFO  [org.apache.catalina.core.ContainerBase.[Tomcat].[localhost].[/]:173] - Initializing Spring embedded WebApplicationContext
2021-08-26 14:24:36.339 [restartedMain] INFO  [org.springframework.boot.web.servlet.context.ServletWebServerApplicationContext:290] - Root WebApplicationContext: initialization completed in 725 ms
2021-08-26 14:24:36.888 [restartedMain] INFO  [org.springframework.boot.devtools.autoconfigure.OptionalLiveReloadServer:58] - LiveReload server is running on port 35729
2021-08-26 14:24:36.901 [restartedMain] INFO  [org.apache.coyote.http11.Http11NioProtocol:173] - Starting ProtocolHandler ["http-nio-8080"]
2021-08-26 14:24:36.903 [restartedMain] INFO  [org.springframework.boot.web.embedded.tomcat.TomcatWebServer:220] - Tomcat started on port(s): 8080 (http) with context path ''
2021-08-26 14:24:36.907 [restartedMain] INFO  [com.crm.MyCrmApplication:61] - Started MyCrmApplication in 1.534 seconds (JVM running for 2786.378)
2021-08-26 14:24:36.909 [restartedMain] INFO  [org.springframework.boot.devtools.autoconfigure.ConditionEvaluationDeltaLoggingListener:63] - Condition evaluation unchanged
2021-08-26 14:24:39.127 [restartedMain] INFO  [com.crm.MyCrmApplication:55] - Starting MyCrmApplication using Java 1.8.0_162 on DESKTOP-2U2RKNE with PID 50584 (E:\Zzy\projects\myCrm\target\classes started by huyueying in E:\Zzy\projects\myCrm)
2021-08-26 14:24:39.128 [restartedMain] INFO  [com.crm.MyCrmApplication:659] - No active profile set, falling back to default profiles: default
2021-08-26 14:24:39.428 [restartedMain] INFO  [org.springframework.boot.web.embedded.tomcat.TomcatWebServer:108] - Tomcat initialized with port(s): 8080 (http)
2021-08-26 14:24:39.429 [restartedMain] INFO  [org.apache.coyote.http11.Http11NioProtocol:173] - Initializing ProtocolHandler ["http-nio-8080"]
2021-08-26 14:24:39.430 [restartedMain] INFO  [org.apache.catalina.core.StandardService:173] - Starting service [Tomcat]
2021-08-26 14:24:39.430 [restartedMain] INFO  [org.apache.catalina.core.StandardEngine:173] - Starting Servlet engine: [Apache Tomcat/9.0.52]
2021-08-26 14:24:39.478 [restartedMain] INFO  [org.apache.catalina.core.ContainerBase.[Tomcat].[localhost].[/]:173] - Initializing Spring embedded WebApplicationContext
2021-08-26 14:24:39.478 [restartedMain] INFO  [org.springframework.boot.web.servlet.context.ServletWebServerApplicationContext:290] - Root WebApplicationContext: initialization completed in 347 ms
2021-08-26 14:24:39.912 [restartedMain] INFO  [org.springframework.boot.devtools.autoconfigure.OptionalLiveReloadServer:58] - LiveReload server is running on port 35729
2021-08-26 14:24:39.924 [restartedMain] INFO  [org.apache.coyote.http11.Http11NioProtocol:173] - Starting ProtocolHandler ["http-nio-8080"]
2021-08-26 14:24:39.925 [restartedMain] INFO  [org.springframework.boot.web.embedded.tomcat.TomcatWebServer:220] - Tomcat started on port(s): 8080 (http) with context path ''
2021-08-26 14:24:39.929 [restartedMain] INFO  [com.crm.MyCrmApplication:61] - Started MyCrmApplication in 0.906 seconds (JVM running for 2789.399)
2021-08-26 14:24:39.930 [restartedMain] INFO  [org.springframework.boot.devtools.autoconfigure.ConditionEvaluationDeltaLoggingListener:63] - Condition evaluation unchanged
2021-08-26 14:24:42.157 [restartedMain] INFO  [com.crm.MyCrmApplication:55] - Starting MyCrmApplication using Java 1.8.0_162 on DESKTOP-2U2RKNE with PID 50584 (E:\Zzy\projects\myCrm\target\classes started by huyueying in E:\Zzy\projects\myCrm)
2021-08-26 14:24:42.158 [restartedMain] INFO  [com.crm.MyCrmApplication:659] - No active profile set, falling back to default profiles: default
2021-08-26 14:24:42.409 [restartedMain] INFO  [org.springframework.boot.web.embedded.tomcat.TomcatWebServer:108] - Tomcat initialized with port(s): 8080 (http)
2021-08-26 14:24:42.410 [restartedMain] INFO  [org.apache.coyote.http11.Http11NioProtocol:173] - Initializing ProtocolHandler ["http-nio-8080"]
2021-08-26 14:24:42.411 [restartedMain] INFO  [org.apache.catalina.core.StandardService:173] - Starting service [Tomcat]
2021-08-26 14:24:42.411 [restartedMain] INFO  [org.apache.catalina.core.StandardEngine:173] - Starting Servlet engine: [Apache Tomcat/9.0.52]
2021-08-26 14:24:42.445 [restartedMain] INFO  [org.apache.catalina.core.ContainerBase.[Tomcat].[localhost].[/]:173] - Initializing Spring embedded WebApplicationContext
2021-08-26 14:24:42.445 [restartedMain] INFO  [org.springframework.boot.web.servlet.context.ServletWebServerApplicationContext:290] - Root WebApplicationContext: initialization completed in 284 ms
2021-08-26 14:24:42.779 [restartedMain] INFO  [org.springframework.boot.devtools.autoconfigure.OptionalLiveReloadServer:58] - LiveReload server is running on port 35729
2021-08-26 14:24:42.792 [restartedMain] INFO  [org.apache.coyote.http11.Http11NioProtocol:173] - Starting ProtocolHandler ["http-nio-8080"]
2021-08-26 14:24:42.794 [restartedMain] INFO  [org.springframework.boot.web.embedded.tomcat.TomcatWebServer:220] - Tomcat started on port(s): 8080 (http) with context path ''
2021-08-26 14:24:42.800 [restartedMain] INFO  [com.crm.MyCrmApplication:61] - Started MyCrmApplication in 0.736 seconds (JVM running for 2792.27)
2021-08-26 14:24:42.802 [restartedMain] INFO  [org.springframework.boot.devtools.autoconfigure.ConditionEvaluationDeltaLoggingListener:63] - Condition evaluation unchanged
2021-08-26 14:24:48.353 [restartedMain] INFO  [com.crm.MyCrmApplication:55] - Starting MyCrmApplication using Java 1.8.0_162 on DESKTOP-2U2RKNE with PID 22420 (E:\Zzy\projects\myCrm\target\classes started by huyueying in E:\Zzy\projects\myCrm)
2021-08-26 14:24:48.363 [restartedMain] INFO  [com.crm.MyCrmApplication:659] - No active profile set, falling back to default profiles: default
2021-08-26 14:24:48.404 [restartedMain] INFO  [org.springframework.boot.devtools.env.DevToolsPropertyDefaultsPostProcessor:255] - Devtools property defaults active! Set 'spring.devtools.add-properties' to 'false' to disable
2021-08-26 14:24:48.404 [restartedMain] INFO  [org.springframework.boot.devtools.env.DevToolsPropertyDefaultsPostProcessor:255] - For additional web related logging consider setting the 'logging.level.web' property to 'DEBUG'
2021-08-26 14:24:49.518 [restartedMain] INFO  [org.springframework.boot.web.embedded.tomcat.TomcatWebServer:108] - Tomcat initialized with port(s): 8080 (http)
2021-08-26 14:24:49.633 [restartedMain] INFO  [org.apache.coyote.http11.Http11NioProtocol:173] - Initializing ProtocolHandler ["http-nio-8080"]
2021-08-26 14:24:49.634 [restartedMain] INFO  [org.apache.catalina.core.StandardService:173] - Starting service [Tomcat]
2021-08-26 14:24:49.634 [restartedMain] INFO  [org.apache.catalina.core.StandardEngine:173] - Starting Servlet engine: [Apache Tomcat/9.0.52]
2021-08-26 14:24:49.744 [restartedMain] INFO  [org.apache.catalina.core.ContainerBase.[Tomcat].[localhost].[/]:173] - Initializing Spring embedded WebApplicationContext
2021-08-26 14:24:49.744 [restartedMain] INFO  [org.springframework.boot.web.servlet.context.ServletWebServerApplicationContext:290] - Root WebApplicationContext: initialization completed in 1339 ms
2021-08-26 14:24:50.987 [restartedMain] WARN  [org.springframework.boot.devtools.autoconfigure.OptionalLiveReloadServer:61] - Unable to start LiveReload server
2021-08-26 14:24:51.036 [restartedMain] INFO  [org.apache.coyote.http11.Http11NioProtocol:173] - Starting ProtocolHandler ["http-nio-8080"]
2021-08-26 14:24:51.041 [restartedMain] WARN  [org.springframework.boot.web.servlet.context.AnnotationConfigServletWebServerApplicationContext:591] - Exception encountered during context initialization - cancelling refresh attempt: org.springframework.context.ApplicationContextException: Failed to start bean 'webServerStartStop'; nested exception is org.springframework.boot.web.server.PortInUseException: Port 8080 is already in use
2021-08-26 14:24:51.047 [restartedMain] INFO  [org.apache.coyote.http11.Http11NioProtocol:173] - Pausing ProtocolHandler ["http-nio-8080"]
2021-08-26 14:24:51.047 [restartedMain] INFO  [org.apache.catalina.core.StandardService:173] - Stopping service [Tomcat]
2021-08-26 14:24:51.054 [restartedMain] INFO  [org.apache.coyote.http11.Http11NioProtocol:173] - Stopping ProtocolHandler ["http-nio-8080"]
2021-08-26 14:24:51.054 [restartedMain] INFO  [org.apache.coyote.http11.Http11NioProtocol:173] - Destroying ProtocolHandler ["http-nio-8080"]
2021-08-26 14:24:51.062 [restartedMain] INFO  [org.springframework.boot.autoconfigure.logging.ConditionEvaluationReportLoggingListener:136] - 

Error starting ApplicationContext. To display the conditions report re-run your application with 'debug' enabled.
2021-08-26 14:24:51.081 [restartedMain] ERROR [org.springframework.boot.diagnostics.LoggingFailureAnalysisReporter:40] - 

***************************
APPLICATION FAILED TO START
***************************

Description:

Web server failed to start. Port 8080 was already in use.

Action:

Identify and stop the process that's listening on port 8080 or configure this application to listen on another port.

2021-08-26 14:25:02.696 [restartedMain] INFO  [com.crm.MyCrmApplication:55] - Starting MyCrmApplication using Java 1.8.0_162 on DESKTOP-2U2RKNE with PID 48976 (E:\Zzy\projects\myCrm\target\classes started by huyueying in E:\Zzy\projects\myCrm)
2021-08-26 14:25:02.714 [restartedMain] INFO  [com.crm.MyCrmApplication:659] - No active profile set, falling back to default profiles: default
2021-08-26 14:25:02.763 [restartedMain] INFO  [org.springframework.boot.devtools.env.DevToolsPropertyDefaultsPostProcessor:255] - Devtools property defaults active! Set 'spring.devtools.add-properties' to 'false' to disable
2021-08-26 14:25:02.763 [restartedMain] INFO  [org.springframework.boot.devtools.env.DevToolsPropertyDefaultsPostProcessor:255] - For additional web related logging consider setting the 'logging.level.web' property to 'DEBUG'
2021-08-26 14:25:03.863 [restartedMain] INFO  [org.springframework.boot.web.embedded.tomcat.TomcatWebServer:108] - Tomcat initialized with port(s): 8080 (http)
2021-08-26 14:25:03.982 [restartedMain] INFO  [org.apache.coyote.http11.Http11NioProtocol:173] - Initializing ProtocolHandler ["http-nio-8080"]
2021-08-26 14:25:03.983 [restartedMain] INFO  [org.apache.catalina.core.StandardService:173] - Starting service [Tomcat]
2021-08-26 14:25:03.983 [restartedMain] INFO  [org.apache.catalina.core.StandardEngine:173] - Starting Servlet engine: [Apache Tomcat/9.0.52]
2021-08-26 14:25:04.092 [restartedMain] INFO  [org.apache.catalina.core.ContainerBase.[Tomcat].[localhost].[/]:173] - Initializing Spring embedded WebApplicationContext
2021-08-26 14:25:04.093 [restartedMain] INFO  [org.springframework.boot.web.servlet.context.ServletWebServerApplicationContext:290] - Root WebApplicationContext: initialization completed in 1328 ms
2021-08-26 14:25:05.154 [restartedMain] WARN  [org.springframework.boot.devtools.autoconfigure.OptionalLiveReloadServer:61] - Unable to start LiveReload server
2021-08-26 14:25:05.175 [restartedMain] INFO  [org.apache.coyote.http11.Http11NioProtocol:173] - Starting ProtocolHandler ["http-nio-8080"]
2021-08-26 14:25:05.180 [restartedMain] WARN  [org.springframework.boot.web.servlet.context.AnnotationConfigServletWebServerApplicationContext:591] - Exception encountered during context initialization - cancelling refresh attempt: org.springframework.context.ApplicationContextException: Failed to start bean 'webServerStartStop'; nested exception is org.springframework.boot.web.server.PortInUseException: Port 8080 is already in use
2021-08-26 14:25:05.186 [restartedMain] INFO  [org.apache.coyote.http11.Http11NioProtocol:173] - Pausing ProtocolHandler ["http-nio-8080"]
2021-08-26 14:25:05.186 [restartedMain] INFO  [org.apache.catalina.core.StandardService:173] - Stopping service [Tomcat]
2021-08-26 14:25:05.191 [restartedMain] INFO  [org.apache.coyote.http11.Http11NioProtocol:173] - Stopping ProtocolHandler ["http-nio-8080"]
2021-08-26 14:25:05.191 [restartedMain] INFO  [org.apache.coyote.http11.Http11NioProtocol:173] - Destroying ProtocolHandler ["http-nio-8080"]
2021-08-26 14:25:05.198 [restartedMain] INFO  [org.springframework.boot.autoconfigure.logging.ConditionEvaluationReportLoggingListener:136] - 

Error starting ApplicationContext. To display the conditions report re-run your application with 'debug' enabled.
2021-08-26 14:25:05.215 [restartedMain] ERROR [org.springframework.boot.diagnostics.LoggingFailureAnalysisReporter:40] - 

***************************
APPLICATION FAILED TO START
***************************

Description:

Web server failed to start. Port 8080 was already in use.

Action:

Identify and stop the process that's listening on port 8080 or configure this application to listen on another port.

2021-08-26 14:25:51.361 [restartedMain] INFO  [com.crm.MyCrmApplication:55] - Starting MyCrmApplication using Java 1.8.0_162 on DESKTOP-2U2RKNE with PID 46180 (E:\Zzy\projects\myCrm\target\classes started by huyueying in E:\Zzy\projects\myCrm)
2021-08-26 14:25:51.377 [restartedMain] INFO  [com.crm.MyCrmApplication:659] - No active profile set, falling back to default profiles: default
2021-08-26 14:25:51.408 [restartedMain] INFO  [org.springframework.boot.devtools.env.DevToolsPropertyDefaultsPostProcessor:255] - Devtools property defaults active! Set 'spring.devtools.add-properties' to 'false' to disable
2021-08-26 14:25:51.408 [restartedMain] INFO  [org.springframework.boot.devtools.env.DevToolsPropertyDefaultsPostProcessor:255] - For additional web related logging consider setting the 'logging.level.web' property to 'DEBUG'
2021-08-26 14:25:52.535 [restartedMain] INFO  [org.springframework.boot.web.embedded.tomcat.TomcatWebServer:108] - Tomcat initialized with port(s): 8080 (http)
2021-08-26 14:25:52.644 [restartedMain] INFO  [org.apache.coyote.http11.Http11NioProtocol:173] - Initializing ProtocolHandler ["http-nio-8080"]
2021-08-26 14:25:52.644 [restartedMain] INFO  [org.apache.catalina.core.StandardService:173] - Starting service [Tomcat]
2021-08-26 14:25:52.644 [restartedMain] INFO  [org.apache.catalina.core.StandardEngine:173] - Starting Servlet engine: [Apache Tomcat/9.0.52]
2021-08-26 14:25:52.757 [restartedMain] INFO  [org.apache.catalina.core.ContainerBase.[Tomcat].[localhost].[/]:173] - Initializing Spring embedded WebApplicationContext
2021-08-26 14:25:52.757 [restartedMain] INFO  [org.springframework.boot.web.servlet.context.ServletWebServerApplicationContext:290] - Root WebApplicationContext: initialization completed in 1349 ms
2021-08-26 14:25:53.827 [restartedMain] WARN  [org.springframework.boot.devtools.autoconfigure.OptionalLiveReloadServer:61] - Unable to start LiveReload server
2021-08-26 14:25:53.859 [restartedMain] INFO  [org.apache.coyote.http11.Http11NioProtocol:173] - Starting ProtocolHandler ["http-nio-8080"]
2021-08-26 14:25:53.859 [restartedMain] WARN  [org.springframework.boot.web.servlet.context.AnnotationConfigServletWebServerApplicationContext:591] - Exception encountered during context initialization - cancelling refresh attempt: org.springframework.context.ApplicationContextException: Failed to start bean 'webServerStartStop'; nested exception is org.springframework.boot.web.server.PortInUseException: Port 8080 is already in use
2021-08-26 14:25:53.876 [restartedMain] INFO  [org.apache.coyote.http11.Http11NioProtocol:173] - Pausing ProtocolHandler ["http-nio-8080"]
2021-08-26 14:25:53.876 [restartedMain] INFO  [org.apache.catalina.core.StandardService:173] - Stopping service [Tomcat]
2021-08-26 14:25:53.876 [restartedMain] INFO  [org.apache.coyote.http11.Http11NioProtocol:173] - Stopping ProtocolHandler ["http-nio-8080"]
2021-08-26 14:25:53.876 [restartedMain] INFO  [org.apache.coyote.http11.Http11NioProtocol:173] - Destroying ProtocolHandler ["http-nio-8080"]
2021-08-26 14:25:53.876 [restartedMain] INFO  [org.springframework.boot.autoconfigure.logging.ConditionEvaluationReportLoggingListener:136] - 

Error starting ApplicationContext. To display the conditions report re-run your application with 'debug' enabled.
2021-08-26 14:25:53.891 [restartedMain] ERROR [org.springframework.boot.diagnostics.LoggingFailureAnalysisReporter:40] - 

***************************
APPLICATION FAILED TO START
***************************

Description:

Web server failed to start. Port 8080 was already in use.

Action:

Identify and stop the process that's listening on port 8080 or configure this application to listen on another port.

2021-08-26 14:31:23.565 [restartedMain] INFO  [com.crm.MyCrmApplication:55] - Starting MyCrmApplication using Java 1.8.0_162 on DESKTOP-2U2RKNE with PID 5988 (E:\Zzy\projects\myCrm\target\classes started by huyueying in E:\Zzy\projects\myCrm)
2021-08-26 14:31:23.618 [restartedMain] INFO  [com.crm.MyCrmApplication:659] - No active profile set, falling back to default profiles: default
2021-08-26 14:31:23.692 [restartedMain] INFO  [org.springframework.boot.devtools.env.DevToolsPropertyDefaultsPostProcessor:255] - Devtools property defaults active! Set 'spring.devtools.add-properties' to 'false' to disable
2021-08-26 14:31:23.693 [restartedMain] INFO  [org.springframework.boot.devtools.env.DevToolsPropertyDefaultsPostProcessor:255] - For additional web related logging consider setting the 'logging.level.web' property to 'DEBUG'
2021-08-26 14:31:25.249 [restartedMain] INFO  [org.springframework.boot.web.embedded.tomcat.TomcatWebServer:108] - Tomcat initialized with port(s): 8080 (http)
2021-08-26 14:31:25.364 [restartedMain] INFO  [org.apache.coyote.http11.Http11NioProtocol:173] - Initializing ProtocolHandler ["http-nio-8080"]
2021-08-26 14:31:25.364 [restartedMain] INFO  [org.apache.catalina.core.StandardService:173] - Starting service [Tomcat]
2021-08-26 14:31:25.365 [restartedMain] INFO  [org.apache.catalina.core.StandardEngine:173] - Starting Servlet engine: [Apache Tomcat/9.0.52]
2021-08-26 14:31:25.481 [restartedMain] INFO  [org.apache.catalina.core.ContainerBase.[Tomcat].[localhost].[/]:173] - Initializing Spring embedded WebApplicationContext
2021-08-26 14:31:25.481 [restartedMain] INFO  [org.springframework.boot.web.servlet.context.ServletWebServerApplicationContext:290] - Root WebApplicationContext: initialization completed in 1788 ms
2021-08-26 14:31:26.877 [restartedMain] INFO  [org.springframework.boot.devtools.autoconfigure.OptionalLiveReloadServer:58] - LiveReload server is running on port 35729
2021-08-26 14:31:26.898 [restartedMain] INFO  [org.apache.coyote.http11.Http11NioProtocol:173] - Starting ProtocolHandler ["http-nio-8080"]
2021-08-26 14:31:26.915 [restartedMain] INFO  [org.springframework.boot.web.embedded.tomcat.TomcatWebServer:220] - Tomcat started on port(s): 8080 (http) with context path ''
2021-08-26 14:31:26.925 [restartedMain] INFO  [com.crm.MyCrmApplication:61] - Started MyCrmApplication in 4.014 seconds (JVM running for 7.825)
2021-08-26 14:31:36.446 [http-nio-8080-exec-1] INFO  [org.apache.catalina.core.ContainerBase.[Tomcat].[localhost].[/]:173] - Initializing Spring DispatcherServlet 'dispatcherServlet'
2021-08-26 14:31:36.492 [http-nio-8080-exec-1] INFO  [org.springframework.web.servlet.DispatcherServlet:525] - Initializing Servlet 'dispatcherServlet'
2021-08-26 14:31:36.493 [http-nio-8080-exec-1] INFO  [org.springframework.web.servlet.DispatcherServlet:547] - Completed initialization in 1 ms
2021-08-26 14:31:36.672 [http-nio-8080-exec-1] INFO  [com.zaxxer.hikari.HikariDataSource:110] - HikariPool-1 - Starting...
2021-08-26 14:31:36.870 [http-nio-8080-exec-1] INFO  [com.zaxxer.hikari.HikariDataSource:123] - HikariPool-1 - Start completed.
2021-08-26 14:31:37.030 [http-nio-8080-exec-1] ERROR [com.crm.common.util.exception.GlobalExceptionHandler:47] - 运行时异常----------{}java.lang.NullPointerException
2021-08-26 14:31:37.139 [http-nio-8080-exec-1] WARN  [org.springframework.web.servlet.mvc.method.annotation.ExceptionHandlerExceptionResolver:207] - Resolved [java.lang.NullPointerException]
2021-08-26 14:37:33.179 [SpringApplicationShutdownHook] INFO  [com.zaxxer.hikari.HikariDataSource:350] - HikariPool-1 - Shutdown initiated...
2021-08-26 14:37:33.191 [SpringApplicationShutdownHook] INFO  [com.zaxxer.hikari.HikariDataSource:352] - HikariPool-1 - Shutdown completed.
2021-08-26 14:37:42.250 [restartedMain] INFO  [com.crm.MyCrmApplication:55] - Starting MyCrmApplication using Java 1.8.0_162 on DESKTOP-2U2RKNE with PID 14920 (E:\Zzy\projects\myCrm\target\classes started by huyueying in E:\Zzy\projects\myCrm)
2021-08-26 14:37:42.259 [restartedMain] INFO  [com.crm.MyCrmApplication:659] - No active profile set, falling back to default profiles: default
2021-08-26 14:37:42.306 [restartedMain] INFO  [org.springframework.boot.devtools.env.DevToolsPropertyDefaultsPostProcessor:255] - Devtools property defaults active! Set 'spring.devtools.add-properties' to 'false' to disable
2021-08-26 14:37:42.306 [restartedMain] INFO  [org.springframework.boot.devtools.env.DevToolsPropertyDefaultsPostProcessor:255] - For additional web related logging consider setting the 'logging.level.web' property to 'DEBUG'
2021-08-26 14:37:43.495 [restartedMain] INFO  [org.springframework.boot.web.embedded.tomcat.TomcatWebServer:108] - Tomcat initialized with port(s): 8080 (http)
2021-08-26 14:37:43.598 [restartedMain] INFO  [org.apache.coyote.http11.Http11NioProtocol:173] - Initializing ProtocolHandler ["http-nio-8080"]
2021-08-26 14:37:43.598 [restartedMain] INFO  [org.apache.catalina.core.StandardService:173] - Starting service [Tomcat]
2021-08-26 14:37:43.598 [restartedMain] INFO  [org.apache.catalina.core.StandardEngine:173] - Starting Servlet engine: [Apache Tomcat/9.0.52]
2021-08-26 14:37:43.706 [restartedMain] INFO  [org.apache.catalina.core.ContainerBase.[Tomcat].[localhost].[/]:173] - Initializing Spring embedded WebApplicationContext
2021-08-26 14:37:43.706 [restartedMain] INFO  [org.springframework.boot.web.servlet.context.ServletWebServerApplicationContext:290] - Root WebApplicationContext: initialization completed in 1399 ms
2021-08-26 14:37:45.009 [restartedMain] INFO  [org.springframework.boot.devtools.autoconfigure.OptionalLiveReloadServer:58] - LiveReload server is running on port 35729
2021-08-26 14:37:45.038 [restartedMain] INFO  [org.apache.coyote.http11.Http11NioProtocol:173] - Starting ProtocolHandler ["http-nio-8080"]
2021-08-26 14:37:45.064 [restartedMain] INFO  [org.springframework.boot.web.embedded.tomcat.TomcatWebServer:220] - Tomcat started on port(s): 8080 (http) with context path ''
2021-08-26 14:37:45.076 [restartedMain] INFO  [com.crm.MyCrmApplication:61] - Started MyCrmApplication in 3.31 seconds (JVM running for 6.002)
2021-08-26 14:38:14.881 [http-nio-8080-exec-1] INFO  [org.apache.catalina.core.ContainerBase.[Tomcat].[localhost].[/]:173] - Initializing Spring DispatcherServlet 'dispatcherServlet'
2021-08-26 14:38:14.881 [http-nio-8080-exec-1] INFO  [org.springframework.web.servlet.DispatcherServlet:525] - Initializing Servlet 'dispatcherServlet'
2021-08-26 14:38:14.882 [http-nio-8080-exec-1] INFO  [org.springframework.web.servlet.DispatcherServlet:547] - Completed initialization in 1 ms
2021-08-26 14:38:15.039 [http-nio-8080-exec-1] INFO  [com.zaxxer.hikari.HikariDataSource:110] - HikariPool-1 - Starting...
2021-08-26 14:38:15.162 [http-nio-8080-exec-1] INFO  [com.zaxxer.hikari.HikariDataSource:123] - HikariPool-1 - Start completed.
2021-08-26 14:38:15.333 [http-nio-8080-exec-1] ERROR [com.crm.common.util.exception.GlobalExceptionHandler:47] - 运行时异常----------{}java.lang.NullPointerException
2021-08-26 14:38:15.360 [http-nio-8080-exec-1] WARN  [org.springframework.web.servlet.mvc.method.annotation.ExceptionHandlerExceptionResolver:207] - Resolved [java.lang.NullPointerException]
2021-08-26 14:38:46.313 [SpringApplicationShutdownHook] INFO  [com.zaxxer.hikari.HikariDataSource:350] - HikariPool-1 - Shutdown initiated...
2021-08-26 14:38:46.327 [SpringApplicationShutdownHook] INFO  [com.zaxxer.hikari.HikariDataSource:352] - HikariPool-1 - Shutdown completed.
